This file contains any messages produced by compilers while
running configure, to aid debugging if configure makes a mistake.

It was created by LRDE Tiger Compiler configure 1.92.a, which was
generated by GNU Autoconf 2.71.  Invocation command line was

  $ ./configure

## --------- ##
## Platform. ##
## --------- ##

hostname = r06p05.sm14.kb.sm.cri.epita.fr
uname -m = x86_64
uname -r = 5.15.94
uname -s = Linux
uname -v = #1-NixOS SMP Tue Feb 14 18:18:05 UTC 2023

/usr/bin/uname -p = unknown
/bin/uname -X     = unknown

/bin/arch              = unknown
/usr/bin/arch -k       = unknown
/usr/convex/getsysinfo = unknown
/usr/bin/hostinfo      = unknown
/bin/machine           = unknown
/usr/bin/oslevel       = unknown
/bin/universe          = unknown

PATH: /run/wrappers/bin/
PATH: /home/souleymane.meite/.nix-profile/bin/
PATH: /etc/profiles/per-user/souleymane.meite/bin/
PATH: /nix/var/nix/profiles/default/bin/
PATH: /run/current-system/sw/bin/


## ----------- ##
## Core tests. ##
## ----------- ##

configure:2847: looking for aux files: ltmain.sh compile ar-lib config.guess config.sub missing install-sh
configure:2860:  trying ./build-aux/
configure:2889:   ./build-aux/ltmain.sh found
configure:2889:   ./build-aux/compile found
configure:2889:   ./build-aux/ar-lib found
configure:2889:   ./build-aux/config.guess found
configure:2889:   ./build-aux/config.sub found
configure:2889:   ./build-aux/missing found
configure:2871:   ./build-aux/install-sh found
configure:3024: checking for a BSD-compatible install
configure:3097: result: /run/current-system/sw/bin/install -c
configure:3108: checking whether build environment is sane
configure:3163: result: yes
configure:3322: checking for a race-free mkdir -p
configure:3366: result: /run/current-system/sw/bin/mkdir -p
configure:3373: checking for gawk
configure:3394: found /run/current-system/sw/bin/gawk
configure:3405: result: gawk
configure:3416: checking whether make sets $(MAKE)
configure:3439: result: yes
configure:3469: checking whether make supports nested variables
configure:3487: result: yes
configure:3637: checking whether make supports nested variables
configure:3655: result: yes
configure:3748: checking for g++
configure:3769: found /run/current-system/sw/bin/g++
configure:3780: result: g++
configure:3807: checking for C++ compiler version
configure:3816: g++ --version >&5
g++ (GCC) 11.3.0
Copyright (C) 2021 Free Software Foundation, Inc.
This is free software; see the source for copying conditions.  There is NO
warranty; not even for MERCHANTABILITY or FITNESS FOR A PARTICULAR PURPOSE.

configure:3827: $? = 0
configure:3816: g++ -v >&5
Using built-in specs.
COLLECT_GCC=/nix/store/3cjvw93ly6cx2af13f2l3pw4yzbi8wp6-gcc-11.3.0/bin/g++
COLLECT_LTO_WRAPPER=/nix/store/3cjvw93ly6cx2af13f2l3pw4yzbi8wp6-gcc-11.3.0/libexec/gcc/x86_64-unknown-linux-gnu/11.3.0/lto-wrapper
Target: x86_64-unknown-linux-gnu
Configured with: 
Thread model: posix
Supported LTO compression algorithms: zlib
gcc version 11.3.0 (GCC) 
configure:3827: $? = 0
configure:3816: g++ -V >&5
g++: error: unrecognized command-line option '-V'
g++: fatal error: no input files
compilation terminated.
configure:3827: $? = 1
configure:3816: g++ -qversion >&5
g++: error: unrecognized command-line option '-qversion'; did you mean '--version'?
g++: fatal error: no input files
compilation terminated.
configure:3827: $? = 1
configure:3847: checking whether the C++ compiler works
configure:3869: g++    conftest.cpp  >&5
configure:3873: $? = 0
configure:3923: result: yes
configure:3926: checking for C++ compiler default output file name
configure:3928: result: a.out
configure:3934: checking for suffix of executables
configure:3941: g++ -o conftest    conftest.cpp  >&5
configure:3945: $? = 0
configure:3968: result: 
configure:3990: checking whether we are cross compiling
configure:3998: g++ -o conftest    conftest.cpp  >&5
configure:4002: $? = 0
configure:4009: ./conftest
configure:4013: $? = 0
configure:4028: result: no
configure:4033: checking for suffix of object files
configure:4056: g++ -c   conftest.cpp >&5
configure:4060: $? = 0
configure:4082: result: o
configure:4086: checking whether the compiler supports GNU C++
configure:4106: g++ -c   conftest.cpp >&5
configure:4106: $? = 0
configure:4116: result: yes
configure:4127: checking whether g++ accepts -g
configure:4148: g++ -c -g  conftest.cpp >&5
configure:4148: $? = 0
configure:4192: result: yes
configure:4212: checking for g++ option to enable C++11 features
configure:4227: g++  -c -g -O2  conftest.cpp >&5
conftest.cpp: In function 'int main(int, char**)':
conftest.cpp:177:25: warning: empty parentheses were disambiguated as a function declaration [-Wvexing-parse]
  177 |   cxx11test::delegate d2();
      |                         ^~
conftest.cpp:177:25: note: remove parentheses to default-initialize a variable
  177 |   cxx11test::delegate d2();
      |                         ^~
      |                         --
conftest.cpp:177:25: note: or replace parentheses with braces to value-initialize a variable
configure:4227: $? = 0
configure:4245: result: none needed
configure:4319: checking for style of include used by make
configure:4367: result: GNU
configure:4394: checking dependency style of g++
configure:4506: result: gcc3
configure:4568: checking build system type
configure:4583: result: x86_64-pc-linux-gnu
configure:4603: checking host system type
configure:4617: result: x86_64-pc-linux-gnu
configure:4687: checking whether C++ compiler accepts -std=c++20
configure:4707: g++ -c -g -O2  -std=c++20  conftest.cpp >&5
configure:4707: $? = 0
configure:4716: result: yes
configure:4733: checking whether C++ compiler accepts -pipe
configure:4753: g++ -c -g -O2 -std=c++20  -pipe  conftest.cpp >&5
configure:4753: $? = 0
configure:4762: result: yes
configure:4773: checking for grep that handles long lines and -e
configure:4837: result: /run/current-system/sw/bin/grep
configure:4842: checking for egrep
configure:4910: result: /run/current-system/sw/bin/grep -E
configure:4915: checking whether C++ compiler accepts -Wall
configure:4936: g++ -c -g -O2 -std=c++20 -pipe -Wall  conftest.cpp >&5
configure:4944: $? = 0
configure:4947: test -s conftest.o
configure:4950: $? = 0
configure:4965: result: yes
configure:4971: checking whether C++ compiler accepts -W
configure:4992: g++ -c -g -O2 -std=c++20 -pipe -W  conftest.cpp >&5
configure:5000: $? = 0
configure:5003: test -s conftest.o
configure:5006: $? = 0
configure:5021: result: yes
configure:5027: checking whether C++ compiler accepts -Wcast-align
configure:5048: g++ -c -g -O2 -std=c++20 -pipe -Wcast-align  conftest.cpp >&5
configure:5056: $? = 0
configure:5059: test -s conftest.o
configure:5062: $? = 0
configure:5077: result: yes
configure:5083: checking whether C++ compiler accepts -Wcast-qual
configure:5104: g++ -c -g -O2 -std=c++20 -pipe -Wcast-qual  conftest.cpp >&5
configure:5112: $? = 0
configure:5115: test -s conftest.o
configure:5118: $? = 0
configure:5133: result: yes
configure:5139: checking whether C++ compiler accepts -Wformat
configure:5160: g++ -c -g -O2 -std=c++20 -pipe -Wformat  conftest.cpp >&5
configure:5168: $? = 0
configure:5171: test -s conftest.o
configure:5174: $? = 0
configure:5189: result: yes
configure:5195: checking whether C++ compiler accepts -Wmissing-prototypes
configure:5216: g++ -c -g -O2 -std=c++20 -pipe -Wmissing-prototypes  conftest.cpp >&5
cc1plus: warning: command-line option '-Wmissing-prototypes' is valid for C/ObjC but not for C++
configure:5224: $? = 0
configure:5227: test -s conftest.o
configure:5230: $? = 0
configure:5245: result: no
configure:5251: checking whether C++ compiler accepts -Wstrict-prototypes
configure:5272: g++ -c -g -O2 -std=c++20 -pipe -Wstrict-prototypes  conftest.cpp >&5
cc1plus: warning: command-line option '-Wstrict-prototypes' is valid for C/ObjC but not for C++
configure:5280: $? = 0
configure:5283: test -s conftest.o
configure:5286: $? = 0
configure:5301: result: no
configure:5307: checking whether C++ compiler accepts -Wwrite-strings
configure:5328: g++ -c -g -O2 -std=c++20 -pipe -Wwrite-strings  conftest.cpp >&5
configure:5336: $? = 0
configure:5339: test -s conftest.o
configure:5342: $? = 0
configure:5357: result: yes
configure:5363: checking whether C++ compiler accepts -Wbad-function-cast
configure:5384: g++ -c -g -O2 -std=c++20 -pipe -Wbad-function-cast  conftest.cpp >&5
cc1plus: warning: command-line option '-Wbad-function-cast' is valid for C/ObjC but not for C++
configure:5392: $? = 0
configure:5395: test -s conftest.o
configure:5398: $? = 0
configure:5413: result: no
configure:5419: checking whether C++ compiler accepts -Wmissing-declarations
configure:5440: g++ -c -g -O2 -std=c++20 -pipe -Wmissing-declarations  conftest.cpp >&5
configure:5448: $? = 0
configure:5451: test -s conftest.o
configure:5454: $? = 0
configure:5469: result: yes
configure:5475: checking whether C++ compiler accepts -Wnested-externs
configure:5496: g++ -c -g -O2 -std=c++20 -pipe -Wnested-externs  conftest.cpp >&5
cc1plus: warning: command-line option '-Wnested-externs' is valid for C/ObjC but not for C++
configure:5504: $? = 0
configure:5507: test -s conftest.o
configure:5510: $? = 0
configure:5525: result: no
configure:5531: checking whether C++ compiler accepts -Wunused-parameter
configure:5552: g++ -c -g -O2 -std=c++20 -pipe -Wunused-parameter  conftest.cpp >&5
configure:5560: $? = 0
configure:5563: test -s conftest.o
configure:5566: $? = 0
configure:5581: result: yes
configure:5587: checking whether C++ compiler accepts -Wunused-function
configure:5608: g++ -c -g -O2 -std=c++20 -pipe -Wunused-function  conftest.cpp >&5
configure:5616: $? = 0
configure:5619: test -s conftest.o
configure:5622: $? = 0
configure:5637: result: yes
configure:5643: checking whether C++ compiler accepts -Woverloaded-virtual
configure:5664: g++ -c -g -O2 -std=c++20 -pipe -Woverloaded-virtual  conftest.cpp >&5
configure:5672: $? = 0
configure:5675: test -s conftest.o
configure:5678: $? = 0
configure:5693: result: yes
configure:5699: checking whether C++ compiler accepts 
configure:5720: g++ -c -g -O2 -std=c++20 -pipe   conftest.cpp >&5
configure:5728: $? = 0
configure:5731: test -s conftest.o
configure:5734: $? = 0
configure:5749: result: yes
configure:5770: checking whether C++ compiler accepts -Wno-shadow
configure:5791: g++ -c -g -O2 -std=c++20 -pipe -Wno-shadow  conftest.cpp >&5
configure:5799: $? = 0
configure:5802: test -s conftest.o
configure:5805: $? = 0
configure:5820: result: yes
configure:5832: checking whether C++ compiler accepts -Wno-subobject-linkage
configure:5853: g++ -c -g -O2 -std=c++20 -pipe -Wno-subobject-linkage  conftest.cpp >&5
configure:5861: $? = 0
configure:5864: test -s conftest.o
configure:5867: $? = 0
configure:5882: result: yes
configure:5947: checking whether C++ compiler accepts -wd111,193,279,383,444,522,654,810,981,1418
configure:5968: g++ -c -g -O2 -std=c++20 -pipe -wd111,193,279,383,444,522,654,810,981,1418  conftest.cpp >&5
g++: error: unrecognized command-line option '-wd111,193,279,383,444,522,654,810,981,1418'
configure:5976: $? = 1
configure: failed program was:
| /* confdefs.h */
| #define PACKAGE_NAME "LRDE Tiger Compiler"
| #define PACKAGE_TARNAME "tc"
| #define PACKAGE_VERSION "1.92.a"
| #define PACKAGE_STRING "LRDE Tiger Compiler 1.92.a"
| #define PACKAGE_BUGREPORT "tiger@lrde.epita.fr"
| #define PACKAGE_URL "http://tiger.lrde.epita.fr"
| #define PACKAGE "tc"
| #define VERSION "1.92.a"
| /* end confdefs.h.  */
| 
| int
| main (void)
| {
| 
|   ;
|   return 0;
| }
configure:5997: result: no
configure:6030: checking whether C++ compiler accepts -Wno-strict-aliasing
configure:6051: g++ -c -g -O2 -std=c++20 -pipe -Wno-strict-aliasing  conftest.cpp >&5
configure:6059: $? = 0
configure:6062: test -s conftest.o
configure:6065: $? = 0
configure:6080: result: yes
configure:6100: checking for reflex
configure:6121: found /run/current-system/sw/bin/reflex
configure:6132: result: reflex
configure:6147: checking for reflex >= 3.2.10
configure:6189: result: yes
configure:6202: checking for bison
configure:6223: found /run/current-system/sw/bin/bison
configure:6234: result: bison
configure:6249: checking for bison >= 3.8.2
configure:6291: result: yes
configure:6310: checking for emacs
configure:6331: found /run/current-system/sw/bin/emacs
configure:6342: result: emacs
configure:6367: checking where .elc files should go
configure:6381: $EMACS -batch -Q -eval '(while load-path (princ (concat (car load-path) "\n")) (setq load-path (cdr load-path)))' </dev/null >conftest.out
configure:6384: $? = 0
configure:6397: result: ${datarootdir}/emacs/site-lisp
configure:6469: checking for gcc
configure:6490: found /run/current-system/sw/bin/gcc
configure:6501: result: gcc
configure:6854: checking for C compiler version
configure:6863: gcc --version >&5
gcc (GCC) 11.3.0
Copyright (C) 2021 Free Software Foundation, Inc.
This is free software; see the source for copying conditions.  There is NO
warranty; not even for MERCHANTABILITY or FITNESS FOR A PARTICULAR PURPOSE.

configure:6874: $? = 0
configure:6863: gcc -v >&5
Using built-in specs.
COLLECT_GCC=/nix/store/3cjvw93ly6cx2af13f2l3pw4yzbi8wp6-gcc-11.3.0/bin/gcc
COLLECT_LTO_WRAPPER=/nix/store/3cjvw93ly6cx2af13f2l3pw4yzbi8wp6-gcc-11.3.0/libexec/gcc/x86_64-unknown-linux-gnu/11.3.0/lto-wrapper
Target: x86_64-unknown-linux-gnu
Configured with: 
Thread model: posix
Supported LTO compression algorithms: zlib
gcc version 11.3.0 (GCC) 
configure:6874: $? = 0
configure:6863: gcc -V >&5
gcc: error: unrecognized command-line option '-V'
gcc: fatal error: no input files
compilation terminated.
configure:6874: $? = 1
configure:6863: gcc -qversion >&5
gcc: error: unrecognized command-line option '-qversion'; did you mean '--version'?
gcc: fatal error: no input files
compilation terminated.
configure:6874: $? = 1
configure:6863: gcc -version >&5
gcc: error: unrecognized command-line option '-version'
gcc: fatal error: no input files
compilation terminated.
configure:6874: $? = 1
configure:6878: checking whether the compiler supports GNU C
configure:6898: gcc -c   conftest.c >&5
configure:6898: $? = 0
configure:6908: result: yes
configure:6919: checking whether gcc accepts -g
configure:6940: gcc -c -g  conftest.c >&5
configure:6940: $? = 0
configure:6984: result: yes
configure:7004: checking for gcc option to enable C11 features
configure:7019: gcc  -c -g -O2  conftest.c >&5
configure:7019: $? = 0
configure:7037: result: none needed
configure:7153: checking whether gcc understands -c and -o together
configure:7176: gcc -c conftest.c -o conftest2.o
configure:7179: $? = 0
configure:7176: gcc -c conftest.c -o conftest2.o
configure:7179: $? = 0
configure:7191: result: yes
configure:7210: checking dependency style of gcc
configure:7322: result: gcc3
configure:7393: checking for ar
configure:7414: found /run/current-system/sw/bin/ar
configure:7425: result: ar
configure:7451: checking the archiver (ar) interface
configure:7468: gcc -c -g -O2  conftest.c >&5
configure:7468: $? = 0
configure:7471: ar cru libconftest.a conftest.o >&5
ar: `u' modifier ignored since `D' is the default (see `U')
configure:7474: $? = 0
configure:7502: result: ar
configure:7571: checking how to print strings
configure:7598: result: printf
configure:7619: checking for a sed that does not truncate output
configure:7689: result: /run/current-system/sw/bin/sed
configure:7707: checking for fgrep
configure:7775: result: /run/current-system/sw/bin/grep -F
configure:7811: checking for ld used by gcc
configure:7879: result: /nix/store/9yxrwp848f7msm6m2442yfpji8m3206b-gcc-wrapper-11.3.0/bin/ld
configure:7886: checking if the linker (/nix/store/9yxrwp848f7msm6m2442yfpji8m3206b-gcc-wrapper-11.3.0/bin/ld) is GNU ld
configure:7902: result: yes
configure:7914: checking for BSD- or MS-compatible name lister (nm)
configure:7969: result: /run/current-system/sw/bin/nm -B
configure:8109: checking the name lister (/run/current-system/sw/bin/nm -B) interface
configure:8117: g++ -c -g -O2 -std=c++20 -pipe  conftest.cpp >&5
configure:8120: /run/current-system/sw/bin/nm -B "conftest.o"
configure:8123: output
0000000000000000 B some_variable
configure:8130: result: BSD nm
configure:8133: checking whether ln -s works
configure:8137: result: yes
configure:8145: checking the maximum length of command line arguments
configure:8277: result: 1572864
configure:8325: checking how to convert x86_64-pc-linux-gnu file names to x86_64-pc-linux-gnu format
configure:8366: result: func_convert_file_noop
configure:8373: checking how to convert x86_64-pc-linux-gnu file names to toolchain format
configure:8394: result: func_convert_file_noop
configure:8401: checking for /nix/store/9yxrwp848f7msm6m2442yfpji8m3206b-gcc-wrapper-11.3.0/bin/ld option to reload object files
configure:8409: result: -r
configure:8488: checking for file
configure:8509: found /run/current-system/sw/bin/file
configure:8520: result: file
configure:8596: checking for objdump
configure:8617: found /run/current-system/sw/bin/objdump
configure:8628: result: objdump
configure:8660: checking how to recognize dependent libraries
configure:8861: result: pass_all
configure:8951: checking for dlltool
configure:8986: result: no
configure:9016: checking how to associate runtime and link libraries
configure:9044: result: printf %s\n
configure:9194: checking for archiver @FILE support
configure:9212: g++ -c -g -O2 -std=c++20 -pipe  conftest.cpp >&5
configure:9212: $? = 0
configure:9216: ar cr libconftest.a @conftest.lst >&5
configure:9219: $? = 0
configure:9224: ar cr libconftest.a @conftest.lst >&5
ar: conftest.o: No such file or directory
configure:9227: $? = 1
configure:9239: result: @
configure:9302: checking for strip
configure:9323: found /run/current-system/sw/bin/strip
configure:9334: result: strip
configure:9411: checking for ranlib
configure:9432: found /run/current-system/sw/bin/ranlib
configure:9443: result: ranlib
configure:9545: checking command to parse /run/current-system/sw/bin/nm -B output from gcc object
configure:9699: g++ -c -g -O2 -std=c++20 -pipe  conftest.cpp >&5
configure:9702: $? = 0
configure:9706: /run/current-system/sw/bin/nm -B conftest.o \| /run/current-system/sw/bin/sed -n -e 's/^.*[ ]\([ABCDGIRSTW][ABCDGIRSTW]*\)[ ][ ]*\([_A-Za-z][_A-Za-z0-9]*\)$/\1 \2 \2/p' | /run/current-system/sw/bin/sed '/ __gnu_lto/d' \> conftest.nm
configure:9709: $? = 0
configure:9775: g++ -o conftest -g -O2 -std=c++20 -pipe   conftest.cpp conftstm.o >&5
configure:9778: $? = 0
configure:9816: result: ok
configure:9863: checking for sysroot
configure:9894: result: no
configure:9901: checking for a working dd
configure:9945: result: /run/current-system/sw/bin/dd
configure:9949: checking how to truncate binary pipes
configure:9965: result: /run/current-system/sw/bin/dd bs=4096 count=1
configure:10102: g++ -c -g -O2 -std=c++20 -pipe  conftest.cpp >&5
configure:10105: $? = 0
configure:10302: checking for mt
configure:10337: result: no
configure:10357: checking if : is a manifest tool
configure:10364: : '-?'
configure:10372: result: no
configure:11097: checking for stdio.h
configure:11097: g++ -c -g -O2 -std=c++20 -pipe  conftest.cpp >&5
configure:11097: $? = 0
configure:11097: result: yes
configure:11097: checking for stdlib.h
configure:11097: g++ -c -g -O2 -std=c++20 -pipe  conftest.cpp >&5
configure:11097: $? = 0
configure:11097: result: yes
configure:11097: checking for string.h
configure:11097: g++ -c -g -O2 -std=c++20 -pipe  conftest.cpp >&5
configure:11097: $? = 0
configure:11097: result: yes
configure:11097: checking for inttypes.h
configure:11097: g++ -c -g -O2 -std=c++20 -pipe  conftest.cpp >&5
configure:11097: $? = 0
configure:11097: result: yes
configure:11097: checking for stdint.h
configure:11097: g++ -c -g -O2 -std=c++20 -pipe  conftest.cpp >&5
configure:11097: $? = 0
configure:11097: result: yes
configure:11097: checking for strings.h
configure:11097: g++ -c -g -O2 -std=c++20 -pipe  conftest.cpp >&5
configure:11097: $? = 0
configure:11097: result: yes
configure:11097: checking for sys/stat.h
configure:11097: g++ -c -g -O2 -std=c++20 -pipe  conftest.cpp >&5
configure:11097: $? = 0
configure:11097: result: yes
configure:11097: checking for sys/types.h
configure:11097: g++ -c -g -O2 -std=c++20 -pipe  conftest.cpp >&5
configure:11097: $? = 0
configure:11097: result: yes
configure:11097: checking for unistd.h
configure:11097: g++ -c -g -O2 -std=c++20 -pipe  conftest.cpp >&5
configure:11097: $? = 0
configure:11097: result: yes
configure:11122: checking for dlfcn.h
configure:11122: g++ -c -g -O2 -std=c++20 -pipe  conftest.cpp >&5
configure:11122: $? = 0
configure:11122: result: yes
configure:11390: checking for objdir
configure:11406: result: .libs
configure:11670: checking if gcc supports -fno-rtti -fno-exceptions
configure:11689: gcc -c -g -O2  -fno-rtti -fno-exceptions conftest.c >&5
cc1: warning: command-line option '-fno-rtti' is valid for C++/D/ObjC++ but not for C
configure:11693: $? = 0
configure:11706: result: no
configure:12064: checking for gcc option to produce PIC
configure:12072: result: -fPIC -DPIC
configure:12080: checking if gcc PIC flag -fPIC -DPIC works
configure:12099: gcc -c -g -O2  -fPIC -DPIC -DPIC conftest.c >&5
configure:12103: $? = 0
configure:12116: result: yes
configure:12145: checking if gcc static flag -static works
configure:12174: result: no
configure:12189: checking if gcc supports -c -o file.o
configure:12211: gcc -c -g -O2  -o out/conftest2.o conftest.c >&5
configure:12215: $? = 0
configure:12237: result: yes
configure:12245: checking if gcc supports -c -o file.o
configure:12293: result: yes
configure:12326: checking whether the gcc linker (/nix/store/9yxrwp848f7msm6m2442yfpji8m3206b-gcc-wrapper-11.3.0/bin/ld -m elf_x86_64) supports shared libraries
configure:13594: result: yes
configure:13835: checking dynamic linker characteristics
configure:14417: gcc -o conftest -g -O2   -Wl,-rpath -Wl,/foo conftest.c  >&5
configure:14417: $? = 0
configure:14656: result: GNU/Linux ld.so
configure:14778: checking how to hardcode library paths into programs
configure:14803: result: immediate
configure:15355: checking whether stripping libraries is possible
configure:15364: result: yes
configure:15406: checking if libtool supports shared libraries
configure:15408: result: yes
configure:15411: checking whether to build shared libraries
configure:15436: result: no
configure:15439: checking whether to build static libraries
configure:15443: result: yes
configure:15466: checking how to run the C++ preprocessor
configure:15488: g++ -E  conftest.cpp
configure:15488: $? = 0
configure:15503: g++ -E  conftest.cpp
conftest.cpp:23:10: fatal error: ac_nonexistent.h: No such file or directory
   23 | #include <ac_nonexistent.h>
      |          ^~~~~~~~~~~~~~~~~~
compilation terminated.
configure:15503: $? = 1
configure: failed program was:
| /* confdefs.h */
| #define PACKAGE_NAME "LRDE Tiger Compiler"
| #define PACKAGE_TARNAME "tc"
| #define PACKAGE_VERSION "1.92.a"
| #define PACKAGE_STRING "LRDE Tiger Compiler 1.92.a"
| #define PACKAGE_BUGREPORT "tiger@lrde.epita.fr"
| #define PACKAGE_URL "http://tiger.lrde.epita.fr"
| #define PACKAGE "tc"
| #define VERSION "1.92.a"
| #define HAVE_STDIO_H 1
| #define HAVE_STDLIB_H 1
| #define HAVE_STRING_H 1
| #define HAVE_INTTYPES_H 1
| #define HAVE_STDINT_H 1
| #define HAVE_STRINGS_H 1
| #define HAVE_SYS_STAT_H 1
| #define HAVE_SYS_TYPES_H 1
| #define HAVE_UNISTD_H 1
| #define STDC_HEADERS 1
| #define HAVE_DLFCN_H 1
| #define LT_OBJDIR ".libs/"
| /* end confdefs.h.  */
| #include <ac_nonexistent.h>
configure:15530: result: g++ -E
configure:15544: g++ -E  conftest.cpp
configure:15544: $? = 0
configure:15559: g++ -E  conftest.cpp
conftest.cpp:23:10: fatal error: ac_nonexistent.h: No such file or directory
   23 | #include <ac_nonexistent.h>
      |          ^~~~~~~~~~~~~~~~~~
compilation terminated.
configure:15559: $? = 1
configure: failed program was:
| /* confdefs.h */
| #define PACKAGE_NAME "LRDE Tiger Compiler"
| #define PACKAGE_TARNAME "tc"
| #define PACKAGE_VERSION "1.92.a"
| #define PACKAGE_STRING "LRDE Tiger Compiler 1.92.a"
| #define PACKAGE_BUGREPORT "tiger@lrde.epita.fr"
| #define PACKAGE_URL "http://tiger.lrde.epita.fr"
| #define PACKAGE "tc"
| #define VERSION "1.92.a"
| #define HAVE_STDIO_H 1
| #define HAVE_STDLIB_H 1
| #define HAVE_STRING_H 1
| #define HAVE_INTTYPES_H 1
| #define HAVE_STDINT_H 1
| #define HAVE_STRINGS_H 1
| #define HAVE_SYS_STAT_H 1
| #define HAVE_SYS_TYPES_H 1
| #define HAVE_UNISTD_H 1
| #define STDC_HEADERS 1
| #define HAVE_DLFCN_H 1
| #define LT_OBJDIR ".libs/"
| /* end confdefs.h.  */
| #include <ac_nonexistent.h>
configure:15724: checking for ld used by g++
configure:15792: result: /nix/store/9yxrwp848f7msm6m2442yfpji8m3206b-gcc-wrapper-11.3.0/bin/ld -m elf_x86_64
configure:15799: checking if the linker (/nix/store/9yxrwp848f7msm6m2442yfpji8m3206b-gcc-wrapper-11.3.0/bin/ld -m elf_x86_64) is GNU ld
configure:15815: result: yes
configure:15870: checking whether the g++ linker (/nix/store/9yxrwp848f7msm6m2442yfpji8m3206b-gcc-wrapper-11.3.0/bin/ld -m elf_x86_64) supports shared libraries
configure:16948: result: yes
configure:16984: g++ -c -g -O2 -std=c++20 -pipe  conftest.cpp >&5
configure:16987: $? = 0
configure:17468: checking for g++ option to produce PIC
configure:17476: result: -fPIC -DPIC
configure:17484: checking if g++ PIC flag -fPIC -DPIC works
configure:17503: g++ -c -g -O2 -std=c++20 -pipe  -fPIC -DPIC -DPIC conftest.cpp >&5
configure:17507: $? = 0
configure:17520: result: yes
configure:17543: checking if g++ static flag -static works
configure:17572: result: no
configure:17584: checking if g++ supports -c -o file.o
configure:17606: g++ -c -g -O2 -std=c++20 -pipe  -o out/conftest2.o conftest.cpp >&5
configure:17610: $? = 0
configure:17632: result: yes
configure:17637: checking if g++ supports -c -o file.o
configure:17685: result: yes
configure:17715: checking whether the g++ linker (/nix/store/9yxrwp848f7msm6m2442yfpji8m3206b-gcc-wrapper-11.3.0/bin/ld -m elf_x86_64) supports shared libraries
configure:17755: result: yes
configure:17897: checking dynamic linker characteristics
configure:18645: result: GNU/Linux ld.so
configure:18710: checking how to hardcode library paths into programs
configure:18735: result: immediate
configure:18835: checking for clang-format
configure:18856: found /run/current-system/sw/bin/clang-format
configure:18867: result: clang-format
configure: this is boost.m4 serial 24
configure:18913: checking for Boost headers version >= 1.61.0
configure:18985: g++ -c -g -O2 -std=c++20 -pipe  conftest.cpp >&5
configure:18985: $? = 0
configure:19007: result: yes
configure:19026: checking for Boost's header version
configure:19058: result: 1_79
configure:19081: checking for boost/cast.hpp
configure:19081: g++ -c -g -O2 -std=c++20 -pipe   conftest.cpp >&5
configure:19081: $? = 0
configure:19081: result: yes
configure:19110: checking for boost/lexical_cast.hpp
configure:19110: g++ -c -g -O2 -std=c++20 -pipe   conftest.cpp >&5
configure:19110: $? = 0
configure:19110: result: yes
configure:19130: checking for the toolset name used by Boost for g++
configure:19245: g++ -c -g -O2 -std=c++20 -pipe  conftest.cpp >&5
conftest.cpp:30:3: error: #error defined __GNUC__ && __GNUC__ == 5 && __GNUC_MINOR__ == 0 && !defined __ICC && (defined WIN32 || defined WINNT || defined _WIN32 || defined __WIN32 || defined __WIN32__ || defined __WINNT || defined __WINNT__)
   30 | # error defined __GNUC__ && __GNUC__ == 5 && __GNUC_MINOR__ == 0 && !defined __ICC &&   (defined WIN32 || defined WINNT || defined _WIN32 || defined __WIN32          || defined __WIN32__ || defined __WINNT || defined __WINNT__)
      |   ^~~~~
configure:19245: $? = 1
configure: failed program was:
| /* confdefs.h */
| #define PACKAGE_NAME "LRDE Tiger Compiler"
| #define PACKAGE_TARNAME "tc"
| #define PACKAGE_VERSION "1.92.a"
| #define PACKAGE_STRING "LRDE Tiger Compiler 1.92.a"
| #define PACKAGE_BUGREPORT "tiger@lrde.epita.fr"
| #define PACKAGE_URL "http://tiger.lrde.epita.fr"
| #define PACKAGE "tc"
| #define VERSION "1.92.a"
| #define HAVE_STDIO_H 1
| #define HAVE_STDLIB_H 1
| #define HAVE_STRING_H 1
| #define HAVE_INTTYPES_H 1
| #define HAVE_STDINT_H 1
| #define HAVE_STRINGS_H 1
| #define HAVE_SYS_STAT_H 1
| #define HAVE_SYS_TYPES_H 1
| #define HAVE_UNISTD_H 1
| #define STDC_HEADERS 1
| #define HAVE_DLFCN_H 1
| #define LT_OBJDIR ".libs/"
| #define HAVE_BOOST 1
| #define HAVE_BOOST_CAST_HPP 1
| #define HAVE_BOOST_LEXICAL_CAST_HPP 1
| /* end confdefs.h.  */
| 
| #if defined __GNUC__ && __GNUC__ == 5 && __GNUC_MINOR__ == 0 && !defined __ICC &&   (defined WIN32 || defined WINNT || defined _WIN32 || defined __WIN32          || defined __WIN32__ || defined __WINNT || defined __WINNT__)
| /* OK */
| #else
| # error defined __GNUC__ && __GNUC__ == 5 && __GNUC_MINOR__ == 0 && !defined __ICC &&   (defined WIN32 || defined WINNT || defined _WIN32 || defined __WIN32          || defined __WIN32__ || defined __WINNT || defined __WINNT__)
| #endif
| 
| int
| main (void)
| {
| 
|   ;
|   return 0;
| }
configure:19245: g++ -c -g -O2 -std=c++20 -pipe  conftest.cpp >&5
conftest.cpp:30:3: error: #error defined __GNUC__ && __GNUC__ == 5 && __GNUC_MINOR__ == 0 && !defined __ICC
   30 | # error defined __GNUC__ && __GNUC__ == 5 && __GNUC_MINOR__ == 0 && !defined __ICC
      |   ^~~~~
configure:19245: $? = 1
configure: failed program was:
| /* confdefs.h */
| #define PACKAGE_NAME "LRDE Tiger Compiler"
| #define PACKAGE_TARNAME "tc"
| #define PACKAGE_VERSION "1.92.a"
| #define PACKAGE_STRING "LRDE Tiger Compiler 1.92.a"
| #define PACKAGE_BUGREPORT "tiger@lrde.epita.fr"
| #define PACKAGE_URL "http://tiger.lrde.epita.fr"
| #define PACKAGE "tc"
| #define VERSION "1.92.a"
| #define HAVE_STDIO_H 1
| #define HAVE_STDLIB_H 1
| #define HAVE_STRING_H 1
| #define HAVE_INTTYPES_H 1
| #define HAVE_STDINT_H 1
| #define HAVE_STRINGS_H 1
| #define HAVE_SYS_STAT_H 1
| #define HAVE_SYS_TYPES_H 1
| #define HAVE_UNISTD_H 1
| #define STDC_HEADERS 1
| #define HAVE_DLFCN_H 1
| #define LT_OBJDIR ".libs/"
| #define HAVE_BOOST 1
| #define HAVE_BOOST_CAST_HPP 1
| #define HAVE_BOOST_LEXICAL_CAST_HPP 1
| /* end confdefs.h.  */
| 
| #if defined __GNUC__ && __GNUC__ == 5 && __GNUC_MINOR__ == 0 && !defined __ICC
| /* OK */
| #else
| # error defined __GNUC__ && __GNUC__ == 5 && __GNUC_MINOR__ == 0 && !defined __ICC
| #endif
| 
| int
| main (void)
| {
| 
|   ;
|   return 0;
| }
configure:19245: g++ -c -g -O2 -std=c++20 -pipe  conftest.cpp >&5
conftest.cpp:30:3: error: #error defined __GNUC__ && __GNUC__ == 4 && __GNUC_MINOR__ == 10 && !defined __ICC && (defined WIN32 || defined WINNT || defined _WIN32 || defined __WIN32 || defined __WIN32__ || defined __WINNT || defined __WINNT__)
   30 | # error defined __GNUC__ && __GNUC__ == 4 && __GNUC_MINOR__ == 10 && !defined __ICC &&   (defined WIN32 || defined WINNT || defined _WIN32 || defined __WIN32          || defined __WIN32__ || defined __WINNT || defined __WINNT__)
      |   ^~~~~
configure:19245: $? = 1
configure: failed program was:
| /* confdefs.h */
| #define PACKAGE_NAME "LRDE Tiger Compiler"
| #define PACKAGE_TARNAME "tc"
| #define PACKAGE_VERSION "1.92.a"
| #define PACKAGE_STRING "LRDE Tiger Compiler 1.92.a"
| #define PACKAGE_BUGREPORT "tiger@lrde.epita.fr"
| #define PACKAGE_URL "http://tiger.lrde.epita.fr"
| #define PACKAGE "tc"
| #define VERSION "1.92.a"
| #define HAVE_STDIO_H 1
| #define HAVE_STDLIB_H 1
| #define HAVE_STRING_H 1
| #define HAVE_INTTYPES_H 1
| #define HAVE_STDINT_H 1
| #define HAVE_STRINGS_H 1
| #define HAVE_SYS_STAT_H 1
| #define HAVE_SYS_TYPES_H 1
| #define HAVE_UNISTD_H 1
| #define STDC_HEADERS 1
| #define HAVE_DLFCN_H 1
| #define LT_OBJDIR ".libs/"
| #define HAVE_BOOST 1
| #define HAVE_BOOST_CAST_HPP 1
| #define HAVE_BOOST_LEXICAL_CAST_HPP 1
| /* end confdefs.h.  */
| 
| #if defined __GNUC__ && __GNUC__ == 4 && __GNUC_MINOR__ == 10 && !defined __ICC &&   (defined WIN32 || defined WINNT || defined _WIN32 || defined __WIN32          || defined __WIN32__ || defined __WINNT || defined __WINNT__)
| /* OK */
| #else
| # error defined __GNUC__ && __GNUC__ == 4 && __GNUC_MINOR__ == 10 && !defined __ICC &&   (defined WIN32 || defined WINNT || defined _WIN32 || defined __WIN32          || defined __WIN32__ || defined __WINNT || defined __WINNT__)
| #endif
| 
| int
| main (void)
| {
| 
|   ;
|   return 0;
| }
configure:19245: g++ -c -g -O2 -std=c++20 -pipe  conftest.cpp >&5
conftest.cpp:30:3: error: #error defined __GNUC__ && __GNUC__ == 4 && __GNUC_MINOR__ == 10 && !defined __ICC
   30 | # error defined __GNUC__ && __GNUC__ == 4 && __GNUC_MINOR__ == 10 && !defined __ICC
      |   ^~~~~
configure:19245: $? = 1
configure: failed program was:
| /* confdefs.h */
| #define PACKAGE_NAME "LRDE Tiger Compiler"
| #define PACKAGE_TARNAME "tc"
| #define PACKAGE_VERSION "1.92.a"
| #define PACKAGE_STRING "LRDE Tiger Compiler 1.92.a"
| #define PACKAGE_BUGREPORT "tiger@lrde.epita.fr"
| #define PACKAGE_URL "http://tiger.lrde.epita.fr"
| #define PACKAGE "tc"
| #define VERSION "1.92.a"
| #define HAVE_STDIO_H 1
| #define HAVE_STDLIB_H 1
| #define HAVE_STRING_H 1
| #define HAVE_INTTYPES_H 1
| #define HAVE_STDINT_H 1
| #define HAVE_STRINGS_H 1
| #define HAVE_SYS_STAT_H 1
| #define HAVE_SYS_TYPES_H 1
| #define HAVE_UNISTD_H 1
| #define STDC_HEADERS 1
| #define HAVE_DLFCN_H 1
| #define LT_OBJDIR ".libs/"
| #define HAVE_BOOST 1
| #define HAVE_BOOST_CAST_HPP 1
| #define HAVE_BOOST_LEXICAL_CAST_HPP 1
| /* end confdefs.h.  */
| 
| #if defined __GNUC__ && __GNUC__ == 4 && __GNUC_MINOR__ == 10 && !defined __ICC
| /* OK */
| #else
| # error defined __GNUC__ && __GNUC__ == 4 && __GNUC_MINOR__ == 10 && !defined __ICC
| #endif
| 
| int
| main (void)
| {
| 
|   ;
|   return 0;
| }
configure:19245: g++ -c -g -O2 -std=c++20 -pipe  conftest.cpp >&5
conftest.cpp:30:3: error: #error defined __GNUC__ && __GNUC__ == 4 && __GNUC_MINOR__ == 9 && !defined __ICC && (defined WIN32 || defined WINNT || defined _WIN32 || defined __WIN32 || defined __WIN32__ || defined __WINNT || defined __WINNT__)
   30 | # error defined __GNUC__ && __GNUC__ == 4 && __GNUC_MINOR__ == 9 && !defined __ICC &&   (defined WIN32 || defined WINNT || defined _WIN32 || defined __WIN32          || defined __WIN32__ || defined __WINNT || defined __WINNT__)
      |   ^~~~~
configure:19245: $? = 1
configure: failed program was:
| /* confdefs.h */
| #define PACKAGE_NAME "LRDE Tiger Compiler"
| #define PACKAGE_TARNAME "tc"
| #define PACKAGE_VERSION "1.92.a"
| #define PACKAGE_STRING "LRDE Tiger Compiler 1.92.a"
| #define PACKAGE_BUGREPORT "tiger@lrde.epita.fr"
| #define PACKAGE_URL "http://tiger.lrde.epita.fr"
| #define PACKAGE "tc"
| #define VERSION "1.92.a"
| #define HAVE_STDIO_H 1
| #define HAVE_STDLIB_H 1
| #define HAVE_STRING_H 1
| #define HAVE_INTTYPES_H 1
| #define HAVE_STDINT_H 1
| #define HAVE_STRINGS_H 1
| #define HAVE_SYS_STAT_H 1
| #define HAVE_SYS_TYPES_H 1
| #define HAVE_UNISTD_H 1
| #define STDC_HEADERS 1
| #define HAVE_DLFCN_H 1
| #define LT_OBJDIR ".libs/"
| #define HAVE_BOOST 1
| #define HAVE_BOOST_CAST_HPP 1
| #define HAVE_BOOST_LEXICAL_CAST_HPP 1
| /* end confdefs.h.  */
| 
| #if defined __GNUC__ && __GNUC__ == 4 && __GNUC_MINOR__ == 9 && !defined __ICC &&   (defined WIN32 || defined WINNT || defined _WIN32 || defined __WIN32          || defined __WIN32__ || defined __WINNT || defined __WINNT__)
| /* OK */
| #else
| # error defined __GNUC__ && __GNUC__ == 4 && __GNUC_MINOR__ == 9 && !defined __ICC &&   (defined WIN32 || defined WINNT || defined _WIN32 || defined __WIN32          || defined __WIN32__ || defined __WINNT || defined __WINNT__)
| #endif
| 
| int
| main (void)
| {
| 
|   ;
|   return 0;
| }
configure:19245: g++ -c -g -O2 -std=c++20 -pipe  conftest.cpp >&5
conftest.cpp:30:3: error: #error defined __GNUC__ && __GNUC__ == 4 && __GNUC_MINOR__ == 9 && !defined __ICC
   30 | # error defined __GNUC__ && __GNUC__ == 4 && __GNUC_MINOR__ == 9 && !defined __ICC
      |   ^~~~~
configure:19245: $? = 1
configure: failed program was:
| /* confdefs.h */
| #define PACKAGE_NAME "LRDE Tiger Compiler"
| #define PACKAGE_TARNAME "tc"
| #define PACKAGE_VERSION "1.92.a"
| #define PACKAGE_STRING "LRDE Tiger Compiler 1.92.a"
| #define PACKAGE_BUGREPORT "tiger@lrde.epita.fr"
| #define PACKAGE_URL "http://tiger.lrde.epita.fr"
| #define PACKAGE "tc"
| #define VERSION "1.92.a"
| #define HAVE_STDIO_H 1
| #define HAVE_STDLIB_H 1
| #define HAVE_STRING_H 1
| #define HAVE_INTTYPES_H 1
| #define HAVE_STDINT_H 1
| #define HAVE_STRINGS_H 1
| #define HAVE_SYS_STAT_H 1
| #define HAVE_SYS_TYPES_H 1
| #define HAVE_UNISTD_H 1
| #define STDC_HEADERS 1
| #define HAVE_DLFCN_H 1
| #define LT_OBJDIR ".libs/"
| #define HAVE_BOOST 1
| #define HAVE_BOOST_CAST_HPP 1
| #define HAVE_BOOST_LEXICAL_CAST_HPP 1
| /* end confdefs.h.  */
| 
| #if defined __GNUC__ && __GNUC__ == 4 && __GNUC_MINOR__ == 9 && !defined __ICC
| /* OK */
| #else
| # error defined __GNUC__ && __GNUC__ == 4 && __GNUC_MINOR__ == 9 && !defined __ICC
| #endif
| 
| int
| main (void)
| {
| 
|   ;
|   return 0;
| }
configure:19245: g++ -c -g -O2 -std=c++20 -pipe  conftest.cpp >&5
conftest.cpp:30:3: error: #error defined __GNUC__ && __GNUC__ == 4 && __GNUC_MINOR__ == 8 && !defined __ICC && (defined WIN32 || defined WINNT || defined _WIN32 || defined __WIN32 || defined __WIN32__ || defined __WINNT || defined __WINNT__)
   30 | # error defined __GNUC__ && __GNUC__ == 4 && __GNUC_MINOR__ == 8 && !defined __ICC &&   (defined WIN32 || defined WINNT || defined _WIN32 || defined __WIN32          || defined __WIN32__ || defined __WINNT || defined __WINNT__)
      |   ^~~~~
configure:19245: $? = 1
configure: failed program was:
| /* confdefs.h */
| #define PACKAGE_NAME "LRDE Tiger Compiler"
| #define PACKAGE_TARNAME "tc"
| #define PACKAGE_VERSION "1.92.a"
| #define PACKAGE_STRING "LRDE Tiger Compiler 1.92.a"
| #define PACKAGE_BUGREPORT "tiger@lrde.epita.fr"
| #define PACKAGE_URL "http://tiger.lrde.epita.fr"
| #define PACKAGE "tc"
| #define VERSION "1.92.a"
| #define HAVE_STDIO_H 1
| #define HAVE_STDLIB_H 1
| #define HAVE_STRING_H 1
| #define HAVE_INTTYPES_H 1
| #define HAVE_STDINT_H 1
| #define HAVE_STRINGS_H 1
| #define HAVE_SYS_STAT_H 1
| #define HAVE_SYS_TYPES_H 1
| #define HAVE_UNISTD_H 1
| #define STDC_HEADERS 1
| #define HAVE_DLFCN_H 1
| #define LT_OBJDIR ".libs/"
| #define HAVE_BOOST 1
| #define HAVE_BOOST_CAST_HPP 1
| #define HAVE_BOOST_LEXICAL_CAST_HPP 1
| /* end confdefs.h.  */
| 
| #if defined __GNUC__ && __GNUC__ == 4 && __GNUC_MINOR__ == 8 && !defined __ICC &&   (defined WIN32 || defined WINNT || defined _WIN32 || defined __WIN32          || defined __WIN32__ || defined __WINNT || defined __WINNT__)
| /* OK */
| #else
| # error defined __GNUC__ && __GNUC__ == 4 && __GNUC_MINOR__ == 8 && !defined __ICC &&   (defined WIN32 || defined WINNT || defined _WIN32 || defined __WIN32          || defined __WIN32__ || defined __WINNT || defined __WINNT__)
| #endif
| 
| int
| main (void)
| {
| 
|   ;
|   return 0;
| }
configure:19245: g++ -c -g -O2 -std=c++20 -pipe  conftest.cpp >&5
conftest.cpp:30:3: error: #error defined __GNUC__ && __GNUC__ == 4 && __GNUC_MINOR__ == 8 && !defined __ICC
   30 | # error defined __GNUC__ && __GNUC__ == 4 && __GNUC_MINOR__ == 8 && !defined __ICC
      |   ^~~~~
configure:19245: $? = 1
configure: failed program was:
| /* confdefs.h */
| #define PACKAGE_NAME "LRDE Tiger Compiler"
| #define PACKAGE_TARNAME "tc"
| #define PACKAGE_VERSION "1.92.a"
| #define PACKAGE_STRING "LRDE Tiger Compiler 1.92.a"
| #define PACKAGE_BUGREPORT "tiger@lrde.epita.fr"
| #define PACKAGE_URL "http://tiger.lrde.epita.fr"
| #define PACKAGE "tc"
| #define VERSION "1.92.a"
| #define HAVE_STDIO_H 1
| #define HAVE_STDLIB_H 1
| #define HAVE_STRING_H 1
| #define HAVE_INTTYPES_H 1
| #define HAVE_STDINT_H 1
| #define HAVE_STRINGS_H 1
| #define HAVE_SYS_STAT_H 1
| #define HAVE_SYS_TYPES_H 1
| #define HAVE_UNISTD_H 1
| #define STDC_HEADERS 1
| #define HAVE_DLFCN_H 1
| #define LT_OBJDIR ".libs/"
| #define HAVE_BOOST 1
| #define HAVE_BOOST_CAST_HPP 1
| #define HAVE_BOOST_LEXICAL_CAST_HPP 1
| /* end confdefs.h.  */
| 
| #if defined __GNUC__ && __GNUC__ == 4 && __GNUC_MINOR__ == 8 && !defined __ICC
| /* OK */
| #else
| # error defined __GNUC__ && __GNUC__ == 4 && __GNUC_MINOR__ == 8 && !defined __ICC
| #endif
| 
| int
| main (void)
| {
| 
|   ;
|   return 0;
| }
configure:19245: g++ -c -g -O2 -std=c++20 -pipe  conftest.cpp >&5
conftest.cpp:30:3: error: #error defined __GNUC__ && __GNUC__ == 4 && __GNUC_MINOR__ == 7 && !defined __ICC && (defined WIN32 || defined WINNT || defined _WIN32 || defined __WIN32 || defined __WIN32__ || defined __WINNT || defined __WINNT__)
   30 | # error defined __GNUC__ && __GNUC__ == 4 && __GNUC_MINOR__ == 7 && !defined __ICC &&   (defined WIN32 || defined WINNT || defined _WIN32 || defined __WIN32          || defined __WIN32__ || defined __WINNT || defined __WINNT__)
      |   ^~~~~
configure:19245: $? = 1
configure: failed program was:
| /* confdefs.h */
| #define PACKAGE_NAME "LRDE Tiger Compiler"
| #define PACKAGE_TARNAME "tc"
| #define PACKAGE_VERSION "1.92.a"
| #define PACKAGE_STRING "LRDE Tiger Compiler 1.92.a"
| #define PACKAGE_BUGREPORT "tiger@lrde.epita.fr"
| #define PACKAGE_URL "http://tiger.lrde.epita.fr"
| #define PACKAGE "tc"
| #define VERSION "1.92.a"
| #define HAVE_STDIO_H 1
| #define HAVE_STDLIB_H 1
| #define HAVE_STRING_H 1
| #define HAVE_INTTYPES_H 1
| #define HAVE_STDINT_H 1
| #define HAVE_STRINGS_H 1
| #define HAVE_SYS_STAT_H 1
| #define HAVE_SYS_TYPES_H 1
| #define HAVE_UNISTD_H 1
| #define STDC_HEADERS 1
| #define HAVE_DLFCN_H 1
| #define LT_OBJDIR ".libs/"
| #define HAVE_BOOST 1
| #define HAVE_BOOST_CAST_HPP 1
| #define HAVE_BOOST_LEXICAL_CAST_HPP 1
| /* end confdefs.h.  */
| 
| #if defined __GNUC__ && __GNUC__ == 4 && __GNUC_MINOR__ == 7 && !defined __ICC &&   (defined WIN32 || defined WINNT || defined _WIN32 || defined __WIN32          || defined __WIN32__ || defined __WINNT || defined __WINNT__)
| /* OK */
| #else
| # error defined __GNUC__ && __GNUC__ == 4 && __GNUC_MINOR__ == 7 && !defined __ICC &&   (defined WIN32 || defined WINNT || defined _WIN32 || defined __WIN32          || defined __WIN32__ || defined __WINNT || defined __WINNT__)
| #endif
| 
| int
| main (void)
| {
| 
|   ;
|   return 0;
| }
configure:19245: g++ -c -g -O2 -std=c++20 -pipe  conftest.cpp >&5
conftest.cpp:30:3: error: #error defined __GNUC__ && __GNUC__ == 4 && __GNUC_MINOR__ == 7 && !defined __ICC
   30 | # error defined __GNUC__ && __GNUC__ == 4 && __GNUC_MINOR__ == 7 && !defined __ICC
      |   ^~~~~
configure:19245: $? = 1
configure: failed program was:
| /* confdefs.h */
| #define PACKAGE_NAME "LRDE Tiger Compiler"
| #define PACKAGE_TARNAME "tc"
| #define PACKAGE_VERSION "1.92.a"
| #define PACKAGE_STRING "LRDE Tiger Compiler 1.92.a"
| #define PACKAGE_BUGREPORT "tiger@lrde.epita.fr"
| #define PACKAGE_URL "http://tiger.lrde.epita.fr"
| #define PACKAGE "tc"
| #define VERSION "1.92.a"
| #define HAVE_STDIO_H 1
| #define HAVE_STDLIB_H 1
| #define HAVE_STRING_H 1
| #define HAVE_INTTYPES_H 1
| #define HAVE_STDINT_H 1
| #define HAVE_STRINGS_H 1
| #define HAVE_SYS_STAT_H 1
| #define HAVE_SYS_TYPES_H 1
| #define HAVE_UNISTD_H 1
| #define STDC_HEADERS 1
| #define HAVE_DLFCN_H 1
| #define LT_OBJDIR ".libs/"
| #define HAVE_BOOST 1
| #define HAVE_BOOST_CAST_HPP 1
| #define HAVE_BOOST_LEXICAL_CAST_HPP 1
| /* end confdefs.h.  */
| 
| #if defined __GNUC__ && __GNUC__ == 4 && __GNUC_MINOR__ == 7 && !defined __ICC
| /* OK */
| #else
| # error defined __GNUC__ && __GNUC__ == 4 && __GNUC_MINOR__ == 7 && !defined __ICC
| #endif
| 
| int
| main (void)
| {
| 
|   ;
|   return 0;
| }
configure:19245: g++ -c -g -O2 -std=c++20 -pipe  conftest.cpp >&5
conftest.cpp:30:3: error: #error defined __GNUC__ && __GNUC__ == 4 && __GNUC_MINOR__ == 6 && !defined __ICC && (defined WIN32 || defined WINNT || defined _WIN32 || defined __WIN32 || defined __WIN32__ || defined __WINNT || defined __WINNT__)
   30 | # error defined __GNUC__ && __GNUC__ == 4 && __GNUC_MINOR__ == 6 && !defined __ICC &&   (defined WIN32 || defined WINNT || defined _WIN32 || defined __WIN32          || defined __WIN32__ || defined __WINNT || defined __WINNT__)
      |   ^~~~~
configure:19245: $? = 1
configure: failed program was:
| /* confdefs.h */
| #define PACKAGE_NAME "LRDE Tiger Compiler"
| #define PACKAGE_TARNAME "tc"
| #define PACKAGE_VERSION "1.92.a"
| #define PACKAGE_STRING "LRDE Tiger Compiler 1.92.a"
| #define PACKAGE_BUGREPORT "tiger@lrde.epita.fr"
| #define PACKAGE_URL "http://tiger.lrde.epita.fr"
| #define PACKAGE "tc"
| #define VERSION "1.92.a"
| #define HAVE_STDIO_H 1
| #define HAVE_STDLIB_H 1
| #define HAVE_STRING_H 1
| #define HAVE_INTTYPES_H 1
| #define HAVE_STDINT_H 1
| #define HAVE_STRINGS_H 1
| #define HAVE_SYS_STAT_H 1
| #define HAVE_SYS_TYPES_H 1
| #define HAVE_UNISTD_H 1
| #define STDC_HEADERS 1
| #define HAVE_DLFCN_H 1
| #define LT_OBJDIR ".libs/"
| #define HAVE_BOOST 1
| #define HAVE_BOOST_CAST_HPP 1
| #define HAVE_BOOST_LEXICAL_CAST_HPP 1
| /* end confdefs.h.  */
| 
| #if defined __GNUC__ && __GNUC__ == 4 && __GNUC_MINOR__ == 6 && !defined __ICC &&   (defined WIN32 || defined WINNT || defined _WIN32 || defined __WIN32          || defined __WIN32__ || defined __WINNT || defined __WINNT__)
| /* OK */
| #else
| # error defined __GNUC__ && __GNUC__ == 4 && __GNUC_MINOR__ == 6 && !defined __ICC &&   (defined WIN32 || defined WINNT || defined _WIN32 || defined __WIN32          || defined __WIN32__ || defined __WINNT || defined __WINNT__)
| #endif
| 
| int
| main (void)
| {
| 
|   ;
|   return 0;
| }
configure:19245: g++ -c -g -O2 -std=c++20 -pipe  conftest.cpp >&5
conftest.cpp:30:3: error: #error defined __GNUC__ && __GNUC__ == 4 && __GNUC_MINOR__ == 6 && !defined __ICC
   30 | # error defined __GNUC__ && __GNUC__ == 4 && __GNUC_MINOR__ == 6 && !defined __ICC
      |   ^~~~~
configure:19245: $? = 1
configure: failed program was:
| /* confdefs.h */
| #define PACKAGE_NAME "LRDE Tiger Compiler"
| #define PACKAGE_TARNAME "tc"
| #define PACKAGE_VERSION "1.92.a"
| #define PACKAGE_STRING "LRDE Tiger Compiler 1.92.a"
| #define PACKAGE_BUGREPORT "tiger@lrde.epita.fr"
| #define PACKAGE_URL "http://tiger.lrde.epita.fr"
| #define PACKAGE "tc"
| #define VERSION "1.92.a"
| #define HAVE_STDIO_H 1
| #define HAVE_STDLIB_H 1
| #define HAVE_STRING_H 1
| #define HAVE_INTTYPES_H 1
| #define HAVE_STDINT_H 1
| #define HAVE_STRINGS_H 1
| #define HAVE_SYS_STAT_H 1
| #define HAVE_SYS_TYPES_H 1
| #define HAVE_UNISTD_H 1
| #define STDC_HEADERS 1
| #define HAVE_DLFCN_H 1
| #define LT_OBJDIR ".libs/"
| #define HAVE_BOOST 1
| #define HAVE_BOOST_CAST_HPP 1
| #define HAVE_BOOST_LEXICAL_CAST_HPP 1
| /* end confdefs.h.  */
| 
| #if defined __GNUC__ && __GNUC__ == 4 && __GNUC_MINOR__ == 6 && !defined __ICC
| /* OK */
| #else
| # error defined __GNUC__ && __GNUC__ == 4 && __GNUC_MINOR__ == 6 && !defined __ICC
| #endif
| 
| int
| main (void)
| {
| 
|   ;
|   return 0;
| }
configure:19245: g++ -c -g -O2 -std=c++20 -pipe  conftest.cpp >&5
conftest.cpp:30:3: error: #error defined __GNUC__ && __GNUC__ == 4 && __GNUC_MINOR__ == 5 && !defined __ICC && (defined WIN32 || defined WINNT || defined _WIN32 || defined __WIN32 || defined __WIN32__ || defined __WINNT || defined __WINNT__)
   30 | # error defined __GNUC__ && __GNUC__ == 4 && __GNUC_MINOR__ == 5 && !defined __ICC &&   (defined WIN32 || defined WINNT || defined _WIN32 || defined __WIN32          || defined __WIN32__ || defined __WINNT || defined __WINNT__)
      |   ^~~~~
configure:19245: $? = 1
configure: failed program was:
| /* confdefs.h */
| #define PACKAGE_NAME "LRDE Tiger Compiler"
| #define PACKAGE_TARNAME "tc"
| #define PACKAGE_VERSION "1.92.a"
| #define PACKAGE_STRING "LRDE Tiger Compiler 1.92.a"
| #define PACKAGE_BUGREPORT "tiger@lrde.epita.fr"
| #define PACKAGE_URL "http://tiger.lrde.epita.fr"
| #define PACKAGE "tc"
| #define VERSION "1.92.a"
| #define HAVE_STDIO_H 1
| #define HAVE_STDLIB_H 1
| #define HAVE_STRING_H 1
| #define HAVE_INTTYPES_H 1
| #define HAVE_STDINT_H 1
| #define HAVE_STRINGS_H 1
| #define HAVE_SYS_STAT_H 1
| #define HAVE_SYS_TYPES_H 1
| #define HAVE_UNISTD_H 1
| #define STDC_HEADERS 1
| #define HAVE_DLFCN_H 1
| #define LT_OBJDIR ".libs/"
| #define HAVE_BOOST 1
| #define HAVE_BOOST_CAST_HPP 1
| #define HAVE_BOOST_LEXICAL_CAST_HPP 1
| /* end confdefs.h.  */
| 
| #if defined __GNUC__ && __GNUC__ == 4 && __GNUC_MINOR__ == 5 && !defined __ICC &&   (defined WIN32 || defined WINNT || defined _WIN32 || defined __WIN32          || defined __WIN32__ || defined __WINNT || defined __WINNT__)
| /* OK */
| #else
| # error defined __GNUC__ && __GNUC__ == 4 && __GNUC_MINOR__ == 5 && !defined __ICC &&   (defined WIN32 || defined WINNT || defined _WIN32 || defined __WIN32          || defined __WIN32__ || defined __WINNT || defined __WINNT__)
| #endif
| 
| int
| main (void)
| {
| 
|   ;
|   return 0;
| }
configure:19245: g++ -c -g -O2 -std=c++20 -pipe  conftest.cpp >&5
conftest.cpp:30:3: error: #error defined __GNUC__ && __GNUC__ == 4 && __GNUC_MINOR__ == 5 && !defined __ICC
   30 | # error defined __GNUC__ && __GNUC__ == 4 && __GNUC_MINOR__ == 5 && !defined __ICC
      |   ^~~~~
configure:19245: $? = 1
configure: failed program was:
| /* confdefs.h */
| #define PACKAGE_NAME "LRDE Tiger Compiler"
| #define PACKAGE_TARNAME "tc"
| #define PACKAGE_VERSION "1.92.a"
| #define PACKAGE_STRING "LRDE Tiger Compiler 1.92.a"
| #define PACKAGE_BUGREPORT "tiger@lrde.epita.fr"
| #define PACKAGE_URL "http://tiger.lrde.epita.fr"
| #define PACKAGE "tc"
| #define VERSION "1.92.a"
| #define HAVE_STDIO_H 1
| #define HAVE_STDLIB_H 1
| #define HAVE_STRING_H 1
| #define HAVE_INTTYPES_H 1
| #define HAVE_STDINT_H 1
| #define HAVE_STRINGS_H 1
| #define HAVE_SYS_STAT_H 1
| #define HAVE_SYS_TYPES_H 1
| #define HAVE_UNISTD_H 1
| #define STDC_HEADERS 1
| #define HAVE_DLFCN_H 1
| #define LT_OBJDIR ".libs/"
| #define HAVE_BOOST 1
| #define HAVE_BOOST_CAST_HPP 1
| #define HAVE_BOOST_LEXICAL_CAST_HPP 1
| /* end confdefs.h.  */
| 
| #if defined __GNUC__ && __GNUC__ == 4 && __GNUC_MINOR__ == 5 && !defined __ICC
| /* OK */
| #else
| # error defined __GNUC__ && __GNUC__ == 4 && __GNUC_MINOR__ == 5 && !defined __ICC
| #endif
| 
| int
| main (void)
| {
| 
|   ;
|   return 0;
| }
configure:19245: g++ -c -g -O2 -std=c++20 -pipe  conftest.cpp >&5
conftest.cpp:30:3: error: #error defined __GNUC__ && __GNUC__ == 4 && __GNUC_MINOR__ == 4 && !defined __ICC && (defined WIN32 || defined WINNT || defined _WIN32 || defined __WIN32 || defined __WIN32__ || defined __WINNT || defined __WINNT__)
   30 | # error defined __GNUC__ && __GNUC__ == 4 && __GNUC_MINOR__ == 4 && !defined __ICC &&   (defined WIN32 || defined WINNT || defined _WIN32 || defined __WIN32          || defined __WIN32__ || defined __WINNT || defined __WINNT__)
      |   ^~~~~
configure:19245: $? = 1
configure: failed program was:
| /* confdefs.h */
| #define PACKAGE_NAME "LRDE Tiger Compiler"
| #define PACKAGE_TARNAME "tc"
| #define PACKAGE_VERSION "1.92.a"
| #define PACKAGE_STRING "LRDE Tiger Compiler 1.92.a"
| #define PACKAGE_BUGREPORT "tiger@lrde.epita.fr"
| #define PACKAGE_URL "http://tiger.lrde.epita.fr"
| #define PACKAGE "tc"
| #define VERSION "1.92.a"
| #define HAVE_STDIO_H 1
| #define HAVE_STDLIB_H 1
| #define HAVE_STRING_H 1
| #define HAVE_INTTYPES_H 1
| #define HAVE_STDINT_H 1
| #define HAVE_STRINGS_H 1
| #define HAVE_SYS_STAT_H 1
| #define HAVE_SYS_TYPES_H 1
| #define HAVE_UNISTD_H 1
| #define STDC_HEADERS 1
| #define HAVE_DLFCN_H 1
| #define LT_OBJDIR ".libs/"
| #define HAVE_BOOST 1
| #define HAVE_BOOST_CAST_HPP 1
| #define HAVE_BOOST_LEXICAL_CAST_HPP 1
| /* end confdefs.h.  */
| 
| #if defined __GNUC__ && __GNUC__ == 4 && __GNUC_MINOR__ == 4 && !defined __ICC &&   (defined WIN32 || defined WINNT || defined _WIN32 || defined __WIN32          || defined __WIN32__ || defined __WINNT || defined __WINNT__)
| /* OK */
| #else
| # error defined __GNUC__ && __GNUC__ == 4 && __GNUC_MINOR__ == 4 && !defined __ICC &&   (defined WIN32 || defined WINNT || defined _WIN32 || defined __WIN32          || defined __WIN32__ || defined __WINNT || defined __WINNT__)
| #endif
| 
| int
| main (void)
| {
| 
|   ;
|   return 0;
| }
configure:19245: g++ -c -g -O2 -std=c++20 -pipe  conftest.cpp >&5
conftest.cpp:30:3: error: #error defined __GNUC__ && __GNUC__ == 4 && __GNUC_MINOR__ == 4 && !defined __ICC
   30 | # error defined __GNUC__ && __GNUC__ == 4 && __GNUC_MINOR__ == 4 && !defined __ICC
      |   ^~~~~
configure:19245: $? = 1
configure: failed program was:
| /* confdefs.h */
| #define PACKAGE_NAME "LRDE Tiger Compiler"
| #define PACKAGE_TARNAME "tc"
| #define PACKAGE_VERSION "1.92.a"
| #define PACKAGE_STRING "LRDE Tiger Compiler 1.92.a"
| #define PACKAGE_BUGREPORT "tiger@lrde.epita.fr"
| #define PACKAGE_URL "http://tiger.lrde.epita.fr"
| #define PACKAGE "tc"
| #define VERSION "1.92.a"
| #define HAVE_STDIO_H 1
| #define HAVE_STDLIB_H 1
| #define HAVE_STRING_H 1
| #define HAVE_INTTYPES_H 1
| #define HAVE_STDINT_H 1
| #define HAVE_STRINGS_H 1
| #define HAVE_SYS_STAT_H 1
| #define HAVE_SYS_TYPES_H 1
| #define HAVE_UNISTD_H 1
| #define STDC_HEADERS 1
| #define HAVE_DLFCN_H 1
| #define LT_OBJDIR ".libs/"
| #define HAVE_BOOST 1
| #define HAVE_BOOST_CAST_HPP 1
| #define HAVE_BOOST_LEXICAL_CAST_HPP 1
| /* end confdefs.h.  */
| 
| #if defined __GNUC__ && __GNUC__ == 4 && __GNUC_MINOR__ == 4 && !defined __ICC
| /* OK */
| #else
| # error defined __GNUC__ && __GNUC__ == 4 && __GNUC_MINOR__ == 4 && !defined __ICC
| #endif
| 
| int
| main (void)
| {
| 
|   ;
|   return 0;
| }
configure:19245: g++ -c -g -O2 -std=c++20 -pipe  conftest.cpp >&5
conftest.cpp:30:3: error: #error defined __GNUC__ && __GNUC__ == 4 && __GNUC_MINOR__ == 3 && !defined __ICC && (defined WIN32 || defined WINNT || defined _WIN32 || defined __WIN32 || defined __WIN32__ || defined __WINNT || defined __WINNT__)
   30 | # error defined __GNUC__ && __GNUC__ == 4 && __GNUC_MINOR__ == 3 && !defined __ICC &&   (defined WIN32 || defined WINNT || defined _WIN32 || defined __WIN32          || defined __WIN32__ || defined __WINNT || defined __WINNT__)
      |   ^~~~~
configure:19245: $? = 1
configure: failed program was:
| /* confdefs.h */
| #define PACKAGE_NAME "LRDE Tiger Compiler"
| #define PACKAGE_TARNAME "tc"
| #define PACKAGE_VERSION "1.92.a"
| #define PACKAGE_STRING "LRDE Tiger Compiler 1.92.a"
| #define PACKAGE_BUGREPORT "tiger@lrde.epita.fr"
| #define PACKAGE_URL "http://tiger.lrde.epita.fr"
| #define PACKAGE "tc"
| #define VERSION "1.92.a"
| #define HAVE_STDIO_H 1
| #define HAVE_STDLIB_H 1
| #define HAVE_STRING_H 1
| #define HAVE_INTTYPES_H 1
| #define HAVE_STDINT_H 1
| #define HAVE_STRINGS_H 1
| #define HAVE_SYS_STAT_H 1
| #define HAVE_SYS_TYPES_H 1
| #define HAVE_UNISTD_H 1
| #define STDC_HEADERS 1
| #define HAVE_DLFCN_H 1
| #define LT_OBJDIR ".libs/"
| #define HAVE_BOOST 1
| #define HAVE_BOOST_CAST_HPP 1
| #define HAVE_BOOST_LEXICAL_CAST_HPP 1
| /* end confdefs.h.  */
| 
| #if defined __GNUC__ && __GNUC__ == 4 && __GNUC_MINOR__ == 3 && !defined __ICC &&   (defined WIN32 || defined WINNT || defined _WIN32 || defined __WIN32          || defined __WIN32__ || defined __WINNT || defined __WINNT__)
| /* OK */
| #else
| # error defined __GNUC__ && __GNUC__ == 4 && __GNUC_MINOR__ == 3 && !defined __ICC &&   (defined WIN32 || defined WINNT || defined _WIN32 || defined __WIN32          || defined __WIN32__ || defined __WINNT || defined __WINNT__)
| #endif
| 
| int
| main (void)
| {
| 
|   ;
|   return 0;
| }
configure:19245: g++ -c -g -O2 -std=c++20 -pipe  conftest.cpp >&5
conftest.cpp:30:3: error: #error defined __GNUC__ && __GNUC__ == 4 && __GNUC_MINOR__ == 3 && !defined __ICC
   30 | # error defined __GNUC__ && __GNUC__ == 4 && __GNUC_MINOR__ == 3 && !defined __ICC
      |   ^~~~~
configure:19245: $? = 1
configure: failed program was:
| /* confdefs.h */
| #define PACKAGE_NAME "LRDE Tiger Compiler"
| #define PACKAGE_TARNAME "tc"
| #define PACKAGE_VERSION "1.92.a"
| #define PACKAGE_STRING "LRDE Tiger Compiler 1.92.a"
| #define PACKAGE_BUGREPORT "tiger@lrde.epita.fr"
| #define PACKAGE_URL "http://tiger.lrde.epita.fr"
| #define PACKAGE "tc"
| #define VERSION "1.92.a"
| #define HAVE_STDIO_H 1
| #define HAVE_STDLIB_H 1
| #define HAVE_STRING_H 1
| #define HAVE_INTTYPES_H 1
| #define HAVE_STDINT_H 1
| #define HAVE_STRINGS_H 1
| #define HAVE_SYS_STAT_H 1
| #define HAVE_SYS_TYPES_H 1
| #define HAVE_UNISTD_H 1
| #define STDC_HEADERS 1
| #define HAVE_DLFCN_H 1
| #define LT_OBJDIR ".libs/"
| #define HAVE_BOOST 1
| #define HAVE_BOOST_CAST_HPP 1
| #define HAVE_BOOST_LEXICAL_CAST_HPP 1
| /* end confdefs.h.  */
| 
| #if defined __GNUC__ && __GNUC__ == 4 && __GNUC_MINOR__ == 3 && !defined __ICC
| /* OK */
| #else
| # error defined __GNUC__ && __GNUC__ == 4 && __GNUC_MINOR__ == 3 && !defined __ICC
| #endif
| 
| int
| main (void)
| {
| 
|   ;
|   return 0;
| }
configure:19245: g++ -c -g -O2 -std=c++20 -pipe  conftest.cpp >&5
conftest.cpp:30:3: error: #error defined __GNUC__ && __GNUC__ == 4 && __GNUC_MINOR__ == 2 && !defined __ICC && (defined WIN32 || defined WINNT || defined _WIN32 || defined __WIN32 || defined __WIN32__ || defined __WINNT || defined __WINNT__)
   30 | # error defined __GNUC__ && __GNUC__ == 4 && __GNUC_MINOR__ == 2 && !defined __ICC &&   (defined WIN32 || defined WINNT || defined _WIN32 || defined __WIN32          || defined __WIN32__ || defined __WINNT || defined __WINNT__)
      |   ^~~~~
configure:19245: $? = 1
configure: failed program was:
| /* confdefs.h */
| #define PACKAGE_NAME "LRDE Tiger Compiler"
| #define PACKAGE_TARNAME "tc"
| #define PACKAGE_VERSION "1.92.a"
| #define PACKAGE_STRING "LRDE Tiger Compiler 1.92.a"
| #define PACKAGE_BUGREPORT "tiger@lrde.epita.fr"
| #define PACKAGE_URL "http://tiger.lrde.epita.fr"
| #define PACKAGE "tc"
| #define VERSION "1.92.a"
| #define HAVE_STDIO_H 1
| #define HAVE_STDLIB_H 1
| #define HAVE_STRING_H 1
| #define HAVE_INTTYPES_H 1
| #define HAVE_STDINT_H 1
| #define HAVE_STRINGS_H 1
| #define HAVE_SYS_STAT_H 1
| #define HAVE_SYS_TYPES_H 1
| #define HAVE_UNISTD_H 1
| #define STDC_HEADERS 1
| #define HAVE_DLFCN_H 1
| #define LT_OBJDIR ".libs/"
| #define HAVE_BOOST 1
| #define HAVE_BOOST_CAST_HPP 1
| #define HAVE_BOOST_LEXICAL_CAST_HPP 1
| /* end confdefs.h.  */
| 
| #if defined __GNUC__ && __GNUC__ == 4 && __GNUC_MINOR__ == 2 && !defined __ICC &&   (defined WIN32 || defined WINNT || defined _WIN32 || defined __WIN32          || defined __WIN32__ || defined __WINNT || defined __WINNT__)
| /* OK */
| #else
| # error defined __GNUC__ && __GNUC__ == 4 && __GNUC_MINOR__ == 2 && !defined __ICC &&   (defined WIN32 || defined WINNT || defined _WIN32 || defined __WIN32          || defined __WIN32__ || defined __WINNT || defined __WINNT__)
| #endif
| 
| int
| main (void)
| {
| 
|   ;
|   return 0;
| }
configure:19245: g++ -c -g -O2 -std=c++20 -pipe  conftest.cpp >&5
conftest.cpp:30:3: error: #error defined __GNUC__ && __GNUC__ == 4 && __GNUC_MINOR__ == 2 && !defined __ICC
   30 | # error defined __GNUC__ && __GNUC__ == 4 && __GNUC_MINOR__ == 2 && !defined __ICC
      |   ^~~~~
configure:19245: $? = 1
configure: failed program was:
| /* confdefs.h */
| #define PACKAGE_NAME "LRDE Tiger Compiler"
| #define PACKAGE_TARNAME "tc"
| #define PACKAGE_VERSION "1.92.a"
| #define PACKAGE_STRING "LRDE Tiger Compiler 1.92.a"
| #define PACKAGE_BUGREPORT "tiger@lrde.epita.fr"
| #define PACKAGE_URL "http://tiger.lrde.epita.fr"
| #define PACKAGE "tc"
| #define VERSION "1.92.a"
| #define HAVE_STDIO_H 1
| #define HAVE_STDLIB_H 1
| #define HAVE_STRING_H 1
| #define HAVE_INTTYPES_H 1
| #define HAVE_STDINT_H 1
| #define HAVE_STRINGS_H 1
| #define HAVE_SYS_STAT_H 1
| #define HAVE_SYS_TYPES_H 1
| #define HAVE_UNISTD_H 1
| #define STDC_HEADERS 1
| #define HAVE_DLFCN_H 1
| #define LT_OBJDIR ".libs/"
| #define HAVE_BOOST 1
| #define HAVE_BOOST_CAST_HPP 1
| #define HAVE_BOOST_LEXICAL_CAST_HPP 1
| /* end confdefs.h.  */
| 
| #if defined __GNUC__ && __GNUC__ == 4 && __GNUC_MINOR__ == 2 && !defined __ICC
| /* OK */
| #else
| # error defined __GNUC__ && __GNUC__ == 4 && __GNUC_MINOR__ == 2 && !defined __ICC
| #endif
| 
| int
| main (void)
| {
| 
|   ;
|   return 0;
| }
configure:19245: g++ -c -g -O2 -std=c++20 -pipe  conftest.cpp >&5
conftest.cpp:30:3: error: #error defined __GNUC__ && __GNUC__ == 4 && __GNUC_MINOR__ == 1 && !defined __ICC && (defined WIN32 || defined WINNT || defined _WIN32 || defined __WIN32 || defined __WIN32__ || defined __WINNT || defined __WINNT__)
   30 | # error defined __GNUC__ && __GNUC__ == 4 && __GNUC_MINOR__ == 1 && !defined __ICC &&   (defined WIN32 || defined WINNT || defined _WIN32 || defined __WIN32          || defined __WIN32__ || defined __WINNT || defined __WINNT__)
      |   ^~~~~
configure:19245: $? = 1
configure: failed program was:
| /* confdefs.h */
| #define PACKAGE_NAME "LRDE Tiger Compiler"
| #define PACKAGE_TARNAME "tc"
| #define PACKAGE_VERSION "1.92.a"
| #define PACKAGE_STRING "LRDE Tiger Compiler 1.92.a"
| #define PACKAGE_BUGREPORT "tiger@lrde.epita.fr"
| #define PACKAGE_URL "http://tiger.lrde.epita.fr"
| #define PACKAGE "tc"
| #define VERSION "1.92.a"
| #define HAVE_STDIO_H 1
| #define HAVE_STDLIB_H 1
| #define HAVE_STRING_H 1
| #define HAVE_INTTYPES_H 1
| #define HAVE_STDINT_H 1
| #define HAVE_STRINGS_H 1
| #define HAVE_SYS_STAT_H 1
| #define HAVE_SYS_TYPES_H 1
| #define HAVE_UNISTD_H 1
| #define STDC_HEADERS 1
| #define HAVE_DLFCN_H 1
| #define LT_OBJDIR ".libs/"
| #define HAVE_BOOST 1
| #define HAVE_BOOST_CAST_HPP 1
| #define HAVE_BOOST_LEXICAL_CAST_HPP 1
| /* end confdefs.h.  */
| 
| #if defined __GNUC__ && __GNUC__ == 4 && __GNUC_MINOR__ == 1 && !defined __ICC &&   (defined WIN32 || defined WINNT || defined _WIN32 || defined __WIN32          || defined __WIN32__ || defined __WINNT || defined __WINNT__)
| /* OK */
| #else
| # error defined __GNUC__ && __GNUC__ == 4 && __GNUC_MINOR__ == 1 && !defined __ICC &&   (defined WIN32 || defined WINNT || defined _WIN32 || defined __WIN32          || defined __WIN32__ || defined __WINNT || defined __WINNT__)
| #endif
| 
| int
| main (void)
| {
| 
|   ;
|   return 0;
| }
configure:19245: g++ -c -g -O2 -std=c++20 -pipe  conftest.cpp >&5
conftest.cpp:30:3: error: #error defined __GNUC__ && __GNUC__ == 4 && __GNUC_MINOR__ == 1 && !defined __ICC
   30 | # error defined __GNUC__ && __GNUC__ == 4 && __GNUC_MINOR__ == 1 && !defined __ICC
      |   ^~~~~
configure:19245: $? = 1
configure: failed program was:
| /* confdefs.h */
| #define PACKAGE_NAME "LRDE Tiger Compiler"
| #define PACKAGE_TARNAME "tc"
| #define PACKAGE_VERSION "1.92.a"
| #define PACKAGE_STRING "LRDE Tiger Compiler 1.92.a"
| #define PACKAGE_BUGREPORT "tiger@lrde.epita.fr"
| #define PACKAGE_URL "http://tiger.lrde.epita.fr"
| #define PACKAGE "tc"
| #define VERSION "1.92.a"
| #define HAVE_STDIO_H 1
| #define HAVE_STDLIB_H 1
| #define HAVE_STRING_H 1
| #define HAVE_INTTYPES_H 1
| #define HAVE_STDINT_H 1
| #define HAVE_STRINGS_H 1
| #define HAVE_SYS_STAT_H 1
| #define HAVE_SYS_TYPES_H 1
| #define HAVE_UNISTD_H 1
| #define STDC_HEADERS 1
| #define HAVE_DLFCN_H 1
| #define LT_OBJDIR ".libs/"
| #define HAVE_BOOST 1
| #define HAVE_BOOST_CAST_HPP 1
| #define HAVE_BOOST_LEXICAL_CAST_HPP 1
| /* end confdefs.h.  */
| 
| #if defined __GNUC__ && __GNUC__ == 4 && __GNUC_MINOR__ == 1 && !defined __ICC
| /* OK */
| #else
| # error defined __GNUC__ && __GNUC__ == 4 && __GNUC_MINOR__ == 1 && !defined __ICC
| #endif
| 
| int
| main (void)
| {
| 
|   ;
|   return 0;
| }
configure:19245: g++ -c -g -O2 -std=c++20 -pipe  conftest.cpp >&5
conftest.cpp:30:3: error: #error defined __GNUC__ && __GNUC__ == 4 && __GNUC_MINOR__ == 0 && !defined __ICC && (defined WIN32 || defined WINNT || defined _WIN32 || defined __WIN32 || defined __WIN32__ || defined __WINNT || defined __WINNT__)
   30 | # error defined __GNUC__ && __GNUC__ == 4 && __GNUC_MINOR__ == 0 && !defined __ICC &&   (defined WIN32 || defined WINNT || defined _WIN32 || defined __WIN32          || defined __WIN32__ || defined __WINNT || defined __WINNT__)
      |   ^~~~~
configure:19245: $? = 1
configure: failed program was:
| /* confdefs.h */
| #define PACKAGE_NAME "LRDE Tiger Compiler"
| #define PACKAGE_TARNAME "tc"
| #define PACKAGE_VERSION "1.92.a"
| #define PACKAGE_STRING "LRDE Tiger Compiler 1.92.a"
| #define PACKAGE_BUGREPORT "tiger@lrde.epita.fr"
| #define PACKAGE_URL "http://tiger.lrde.epita.fr"
| #define PACKAGE "tc"
| #define VERSION "1.92.a"
| #define HAVE_STDIO_H 1
| #define HAVE_STDLIB_H 1
| #define HAVE_STRING_H 1
| #define HAVE_INTTYPES_H 1
| #define HAVE_STDINT_H 1
| #define HAVE_STRINGS_H 1
| #define HAVE_SYS_STAT_H 1
| #define HAVE_SYS_TYPES_H 1
| #define HAVE_UNISTD_H 1
| #define STDC_HEADERS 1
| #define HAVE_DLFCN_H 1
| #define LT_OBJDIR ".libs/"
| #define HAVE_BOOST 1
| #define HAVE_BOOST_CAST_HPP 1
| #define HAVE_BOOST_LEXICAL_CAST_HPP 1
| /* end confdefs.h.  */
| 
| #if defined __GNUC__ && __GNUC__ == 4 && __GNUC_MINOR__ == 0 && !defined __ICC &&   (defined WIN32 || defined WINNT || defined _WIN32 || defined __WIN32          || defined __WIN32__ || defined __WINNT || defined __WINNT__)
| /* OK */
| #else
| # error defined __GNUC__ && __GNUC__ == 4 && __GNUC_MINOR__ == 0 && !defined __ICC &&   (defined WIN32 || defined WINNT || defined _WIN32 || defined __WIN32          || defined __WIN32__ || defined __WINNT || defined __WINNT__)
| #endif
| 
| int
| main (void)
| {
| 
|   ;
|   return 0;
| }
configure:19245: g++ -c -g -O2 -std=c++20 -pipe  conftest.cpp >&5
conftest.cpp:30:3: error: #error defined __GNUC__ && __GNUC__ == 4 && __GNUC_MINOR__ == 0 && !defined __ICC
   30 | # error defined __GNUC__ && __GNUC__ == 4 && __GNUC_MINOR__ == 0 && !defined __ICC
      |   ^~~~~
configure:19245: $? = 1
configure: failed program was:
| /* confdefs.h */
| #define PACKAGE_NAME "LRDE Tiger Compiler"
| #define PACKAGE_TARNAME "tc"
| #define PACKAGE_VERSION "1.92.a"
| #define PACKAGE_STRING "LRDE Tiger Compiler 1.92.a"
| #define PACKAGE_BUGREPORT "tiger@lrde.epita.fr"
| #define PACKAGE_URL "http://tiger.lrde.epita.fr"
| #define PACKAGE "tc"
| #define VERSION "1.92.a"
| #define HAVE_STDIO_H 1
| #define HAVE_STDLIB_H 1
| #define HAVE_STRING_H 1
| #define HAVE_INTTYPES_H 1
| #define HAVE_STDINT_H 1
| #define HAVE_STRINGS_H 1
| #define HAVE_SYS_STAT_H 1
| #define HAVE_SYS_TYPES_H 1
| #define HAVE_UNISTD_H 1
| #define STDC_HEADERS 1
| #define HAVE_DLFCN_H 1
| #define LT_OBJDIR ".libs/"
| #define HAVE_BOOST 1
| #define HAVE_BOOST_CAST_HPP 1
| #define HAVE_BOOST_LEXICAL_CAST_HPP 1
| /* end confdefs.h.  */
| 
| #if defined __GNUC__ && __GNUC__ == 4 && __GNUC_MINOR__ == 0 && !defined __ICC
| /* OK */
| #else
| # error defined __GNUC__ && __GNUC__ == 4 && __GNUC_MINOR__ == 0 && !defined __ICC
| #endif
| 
| int
| main (void)
| {
| 
|   ;
|   return 0;
| }
configure:19245: g++ -c -g -O2 -std=c++20 -pipe  conftest.cpp >&5
conftest.cpp:30:3: error: #error defined __GNUC__ && __GNUC__ == 3 && !defined __ICC && (defined WIN32 || defined WINNT || defined _WIN32 || defined __WIN32 || defined __WIN32__ || defined __WINNT || defined __WINNT__)
   30 | # error defined __GNUC__ && __GNUC__ == 3 && !defined __ICC      && (defined WIN32 || defined WINNT || defined _WIN32 || defined __WIN32          || defined __WIN32__ || defined __WINNT || defined __WINNT__)
      |   ^~~~~
configure:19245: $? = 1
configure: failed program was:
| /* confdefs.h */
| #define PACKAGE_NAME "LRDE Tiger Compiler"
| #define PACKAGE_TARNAME "tc"
| #define PACKAGE_VERSION "1.92.a"
| #define PACKAGE_STRING "LRDE Tiger Compiler 1.92.a"
| #define PACKAGE_BUGREPORT "tiger@lrde.epita.fr"
| #define PACKAGE_URL "http://tiger.lrde.epita.fr"
| #define PACKAGE "tc"
| #define VERSION "1.92.a"
| #define HAVE_STDIO_H 1
| #define HAVE_STDLIB_H 1
| #define HAVE_STRING_H 1
| #define HAVE_INTTYPES_H 1
| #define HAVE_STDINT_H 1
| #define HAVE_STRINGS_H 1
| #define HAVE_SYS_STAT_H 1
| #define HAVE_SYS_TYPES_H 1
| #define HAVE_UNISTD_H 1
| #define STDC_HEADERS 1
| #define HAVE_DLFCN_H 1
| #define LT_OBJDIR ".libs/"
| #define HAVE_BOOST 1
| #define HAVE_BOOST_CAST_HPP 1
| #define HAVE_BOOST_LEXICAL_CAST_HPP 1
| /* end confdefs.h.  */
| 
| #if defined __GNUC__ && __GNUC__ == 3 && !defined __ICC      && (defined WIN32 || defined WINNT || defined _WIN32 || defined __WIN32          || defined __WIN32__ || defined __WINNT || defined __WINNT__)
| /* OK */
| #else
| # error defined __GNUC__ && __GNUC__ == 3 && !defined __ICC      && (defined WIN32 || defined WINNT || defined _WIN32 || defined __WIN32          || defined __WIN32__ || defined __WINNT || defined __WINNT__)
| #endif
| 
| int
| main (void)
| {
| 
|   ;
|   return 0;
| }
configure:19245: g++ -c -g -O2 -std=c++20 -pipe  conftest.cpp >&5
conftest.cpp:30:3: error: #error defined __GNUC__ && __GNUC__ == 3 && __GNUC_MINOR__ == 4 && !defined __ICC
   30 | # error defined __GNUC__ && __GNUC__ == 3 && __GNUC_MINOR__ == 4 && !defined __ICC
      |   ^~~~~
configure:19245: $? = 1
configure: failed program was:
| /* confdefs.h */
| #define PACKAGE_NAME "LRDE Tiger Compiler"
| #define PACKAGE_TARNAME "tc"
| #define PACKAGE_VERSION "1.92.a"
| #define PACKAGE_STRING "LRDE Tiger Compiler 1.92.a"
| #define PACKAGE_BUGREPORT "tiger@lrde.epita.fr"
| #define PACKAGE_URL "http://tiger.lrde.epita.fr"
| #define PACKAGE "tc"
| #define VERSION "1.92.a"
| #define HAVE_STDIO_H 1
| #define HAVE_STDLIB_H 1
| #define HAVE_STRING_H 1
| #define HAVE_INTTYPES_H 1
| #define HAVE_STDINT_H 1
| #define HAVE_STRINGS_H 1
| #define HAVE_SYS_STAT_H 1
| #define HAVE_SYS_TYPES_H 1
| #define HAVE_UNISTD_H 1
| #define STDC_HEADERS 1
| #define HAVE_DLFCN_H 1
| #define LT_OBJDIR ".libs/"
| #define HAVE_BOOST 1
| #define HAVE_BOOST_CAST_HPP 1
| #define HAVE_BOOST_LEXICAL_CAST_HPP 1
| /* end confdefs.h.  */
| 
| #if defined __GNUC__ && __GNUC__ == 3 && __GNUC_MINOR__ == 4 && !defined __ICC
| /* OK */
| #else
| # error defined __GNUC__ && __GNUC__ == 3 && __GNUC_MINOR__ == 4 && !defined __ICC
| #endif
| 
| int
| main (void)
| {
| 
|   ;
|   return 0;
| }
configure:19245: g++ -c -g -O2 -std=c++20 -pipe  conftest.cpp >&5
conftest.cpp:30:3: error: #error defined __GNUC__ && __GNUC__ == 3 && __GNUC_MINOR__ == 3 && !defined __ICC
   30 | # error defined __GNUC__ && __GNUC__ == 3 && __GNUC_MINOR__ == 3 && !defined __ICC
      |   ^~~~~
configure:19245: $? = 1
configure: failed program was:
| /* confdefs.h */
| #define PACKAGE_NAME "LRDE Tiger Compiler"
| #define PACKAGE_TARNAME "tc"
| #define PACKAGE_VERSION "1.92.a"
| #define PACKAGE_STRING "LRDE Tiger Compiler 1.92.a"
| #define PACKAGE_BUGREPORT "tiger@lrde.epita.fr"
| #define PACKAGE_URL "http://tiger.lrde.epita.fr"
| #define PACKAGE "tc"
| #define VERSION "1.92.a"
| #define HAVE_STDIO_H 1
| #define HAVE_STDLIB_H 1
| #define HAVE_STRING_H 1
| #define HAVE_INTTYPES_H 1
| #define HAVE_STDINT_H 1
| #define HAVE_STRINGS_H 1
| #define HAVE_SYS_STAT_H 1
| #define HAVE_SYS_TYPES_H 1
| #define HAVE_UNISTD_H 1
| #define STDC_HEADERS 1
| #define HAVE_DLFCN_H 1
| #define LT_OBJDIR ".libs/"
| #define HAVE_BOOST 1
| #define HAVE_BOOST_CAST_HPP 1
| #define HAVE_BOOST_LEXICAL_CAST_HPP 1
| /* end confdefs.h.  */
| 
| #if defined __GNUC__ && __GNUC__ == 3 && __GNUC_MINOR__ == 3 && !defined __ICC
| /* OK */
| #else
| # error defined __GNUC__ && __GNUC__ == 3 && __GNUC_MINOR__ == 3 && !defined __ICC
| #endif
| 
| int
| main (void)
| {
| 
|   ;
|   return 0;
| }
configure:19245: g++ -c -g -O2 -std=c++20 -pipe  conftest.cpp >&5
conftest.cpp:30:3: error: #error defined _MSC_VER && _MSC_VER >= 1500
   30 | # error defined _MSC_VER && _MSC_VER >= 1500
      |   ^~~~~
configure:19245: $? = 1
configure: failed program was:
| /* confdefs.h */
| #define PACKAGE_NAME "LRDE Tiger Compiler"
| #define PACKAGE_TARNAME "tc"
| #define PACKAGE_VERSION "1.92.a"
| #define PACKAGE_STRING "LRDE Tiger Compiler 1.92.a"
| #define PACKAGE_BUGREPORT "tiger@lrde.epita.fr"
| #define PACKAGE_URL "http://tiger.lrde.epita.fr"
| #define PACKAGE "tc"
| #define VERSION "1.92.a"
| #define HAVE_STDIO_H 1
| #define HAVE_STDLIB_H 1
| #define HAVE_STRING_H 1
| #define HAVE_INTTYPES_H 1
| #define HAVE_STDINT_H 1
| #define HAVE_STRINGS_H 1
| #define HAVE_SYS_STAT_H 1
| #define HAVE_SYS_TYPES_H 1
| #define HAVE_UNISTD_H 1
| #define STDC_HEADERS 1
| #define HAVE_DLFCN_H 1
| #define LT_OBJDIR ".libs/"
| #define HAVE_BOOST 1
| #define HAVE_BOOST_CAST_HPP 1
| #define HAVE_BOOST_LEXICAL_CAST_HPP 1
| /* end confdefs.h.  */
| 
| #if defined _MSC_VER && _MSC_VER >= 1500
| /* OK */
| #else
| # error defined _MSC_VER && _MSC_VER >= 1500
| #endif
| 
| int
| main (void)
| {
| 
|   ;
|   return 0;
| }
configure:19245: g++ -c -g -O2 -std=c++20 -pipe  conftest.cpp >&5
conftest.cpp:30:3: error: #error defined _MSC_VER && _MSC_VER == 1400
   30 | # error defined _MSC_VER && _MSC_VER == 1400
      |   ^~~~~
configure:19245: $? = 1
configure: failed program was:
| /* confdefs.h */
| #define PACKAGE_NAME "LRDE Tiger Compiler"
| #define PACKAGE_TARNAME "tc"
| #define PACKAGE_VERSION "1.92.a"
| #define PACKAGE_STRING "LRDE Tiger Compiler 1.92.a"
| #define PACKAGE_BUGREPORT "tiger@lrde.epita.fr"
| #define PACKAGE_URL "http://tiger.lrde.epita.fr"
| #define PACKAGE "tc"
| #define VERSION "1.92.a"
| #define HAVE_STDIO_H 1
| #define HAVE_STDLIB_H 1
| #define HAVE_STRING_H 1
| #define HAVE_INTTYPES_H 1
| #define HAVE_STDINT_H 1
| #define HAVE_STRINGS_H 1
| #define HAVE_SYS_STAT_H 1
| #define HAVE_SYS_TYPES_H 1
| #define HAVE_UNISTD_H 1
| #define STDC_HEADERS 1
| #define HAVE_DLFCN_H 1
| #define LT_OBJDIR ".libs/"
| #define HAVE_BOOST 1
| #define HAVE_BOOST_CAST_HPP 1
| #define HAVE_BOOST_LEXICAL_CAST_HPP 1
| /* end confdefs.h.  */
| 
| #if defined _MSC_VER && _MSC_VER == 1400
| /* OK */
| #else
| # error defined _MSC_VER && _MSC_VER == 1400
| #endif
| 
| int
| main (void)
| {
| 
|   ;
|   return 0;
| }
configure:19245: g++ -c -g -O2 -std=c++20 -pipe  conftest.cpp >&5
conftest.cpp:30:3: error: #error defined __GNUC__ && __GNUC__ == 3 && __GNUC_MINOR__ == 2 && !defined __ICC
   30 | # error defined __GNUC__ && __GNUC__ == 3 && __GNUC_MINOR__ == 2 && !defined __ICC
      |   ^~~~~
configure:19245: $? = 1
configure: failed program was:
| /* confdefs.h */
| #define PACKAGE_NAME "LRDE Tiger Compiler"
| #define PACKAGE_TARNAME "tc"
| #define PACKAGE_VERSION "1.92.a"
| #define PACKAGE_STRING "LRDE Tiger Compiler 1.92.a"
| #define PACKAGE_BUGREPORT "tiger@lrde.epita.fr"
| #define PACKAGE_URL "http://tiger.lrde.epita.fr"
| #define PACKAGE "tc"
| #define VERSION "1.92.a"
| #define HAVE_STDIO_H 1
| #define HAVE_STDLIB_H 1
| #define HAVE_STRING_H 1
| #define HAVE_INTTYPES_H 1
| #define HAVE_STDINT_H 1
| #define HAVE_STRINGS_H 1
| #define HAVE_SYS_STAT_H 1
| #define HAVE_SYS_TYPES_H 1
| #define HAVE_UNISTD_H 1
| #define STDC_HEADERS 1
| #define HAVE_DLFCN_H 1
| #define LT_OBJDIR ".libs/"
| #define HAVE_BOOST 1
| #define HAVE_BOOST_CAST_HPP 1
| #define HAVE_BOOST_LEXICAL_CAST_HPP 1
| /* end confdefs.h.  */
| 
| #if defined __GNUC__ && __GNUC__ == 3 && __GNUC_MINOR__ == 2 && !defined __ICC
| /* OK */
| #else
| # error defined __GNUC__ && __GNUC__ == 3 && __GNUC_MINOR__ == 2 && !defined __ICC
| #endif
| 
| int
| main (void)
| {
| 
|   ;
|   return 0;
| }
configure:19245: g++ -c -g -O2 -std=c++20 -pipe  conftest.cpp >&5
conftest.cpp:30:3: error: #error defined _MSC_VER && _MSC_VER == 1310
   30 | # error defined _MSC_VER && _MSC_VER == 1310
      |   ^~~~~
configure:19245: $? = 1
configure: failed program was:
| /* confdefs.h */
| #define PACKAGE_NAME "LRDE Tiger Compiler"
| #define PACKAGE_TARNAME "tc"
| #define PACKAGE_VERSION "1.92.a"
| #define PACKAGE_STRING "LRDE Tiger Compiler 1.92.a"
| #define PACKAGE_BUGREPORT "tiger@lrde.epita.fr"
| #define PACKAGE_URL "http://tiger.lrde.epita.fr"
| #define PACKAGE "tc"
| #define VERSION "1.92.a"
| #define HAVE_STDIO_H 1
| #define HAVE_STDLIB_H 1
| #define HAVE_STRING_H 1
| #define HAVE_INTTYPES_H 1
| #define HAVE_STDINT_H 1
| #define HAVE_STRINGS_H 1
| #define HAVE_SYS_STAT_H 1
| #define HAVE_SYS_TYPES_H 1
| #define HAVE_UNISTD_H 1
| #define STDC_HEADERS 1
| #define HAVE_DLFCN_H 1
| #define LT_OBJDIR ".libs/"
| #define HAVE_BOOST 1
| #define HAVE_BOOST_CAST_HPP 1
| #define HAVE_BOOST_LEXICAL_CAST_HPP 1
| /* end confdefs.h.  */
| 
| #if defined _MSC_VER && _MSC_VER == 1310
| /* OK */
| #else
| # error defined _MSC_VER && _MSC_VER == 1310
| #endif
| 
| int
| main (void)
| {
| 
|   ;
|   return 0;
| }
configure:19245: g++ -c -g -O2 -std=c++20 -pipe  conftest.cpp >&5
conftest.cpp:30:3: error: #error defined __GNUC__ && __GNUC__ == 3 && __GNUC_MINOR__ == 1 && !defined __ICC
   30 | # error defined __GNUC__ && __GNUC__ == 3 && __GNUC_MINOR__ == 1 && !defined __ICC
      |   ^~~~~
configure:19245: $? = 1
configure: failed program was:
| /* confdefs.h */
| #define PACKAGE_NAME "LRDE Tiger Compiler"
| #define PACKAGE_TARNAME "tc"
| #define PACKAGE_VERSION "1.92.a"
| #define PACKAGE_STRING "LRDE Tiger Compiler 1.92.a"
| #define PACKAGE_BUGREPORT "tiger@lrde.epita.fr"
| #define PACKAGE_URL "http://tiger.lrde.epita.fr"
| #define PACKAGE "tc"
| #define VERSION "1.92.a"
| #define HAVE_STDIO_H 1
| #define HAVE_STDLIB_H 1
| #define HAVE_STRING_H 1
| #define HAVE_INTTYPES_H 1
| #define HAVE_STDINT_H 1
| #define HAVE_STRINGS_H 1
| #define HAVE_SYS_STAT_H 1
| #define HAVE_SYS_TYPES_H 1
| #define HAVE_UNISTD_H 1
| #define STDC_HEADERS 1
| #define HAVE_DLFCN_H 1
| #define LT_OBJDIR ".libs/"
| #define HAVE_BOOST 1
| #define HAVE_BOOST_CAST_HPP 1
| #define HAVE_BOOST_LEXICAL_CAST_HPP 1
| /* end confdefs.h.  */
| 
| #if defined __GNUC__ && __GNUC__ == 3 && __GNUC_MINOR__ == 1 && !defined __ICC
| /* OK */
| #else
| # error defined __GNUC__ && __GNUC__ == 3 && __GNUC_MINOR__ == 1 && !defined __ICC
| #endif
| 
| int
| main (void)
| {
| 
|   ;
|   return 0;
| }
configure:19245: g++ -c -g -O2 -std=c++20 -pipe  conftest.cpp >&5
conftest.cpp:30:3: error: #error defined __GNUC__ && __GNUC__ == 3 && __GNUC_MINOR__ == 0 && !defined __ICC
   30 | # error defined __GNUC__ && __GNUC__ == 3 && __GNUC_MINOR__ == 0 && !defined __ICC
      |   ^~~~~
configure:19245: $? = 1
configure: failed program was:
| /* confdefs.h */
| #define PACKAGE_NAME "LRDE Tiger Compiler"
| #define PACKAGE_TARNAME "tc"
| #define PACKAGE_VERSION "1.92.a"
| #define PACKAGE_STRING "LRDE Tiger Compiler 1.92.a"
| #define PACKAGE_BUGREPORT "tiger@lrde.epita.fr"
| #define PACKAGE_URL "http://tiger.lrde.epita.fr"
| #define PACKAGE "tc"
| #define VERSION "1.92.a"
| #define HAVE_STDIO_H 1
| #define HAVE_STDLIB_H 1
| #define HAVE_STRING_H 1
| #define HAVE_INTTYPES_H 1
| #define HAVE_STDINT_H 1
| #define HAVE_STRINGS_H 1
| #define HAVE_SYS_STAT_H 1
| #define HAVE_SYS_TYPES_H 1
| #define HAVE_UNISTD_H 1
| #define STDC_HEADERS 1
| #define HAVE_DLFCN_H 1
| #define LT_OBJDIR ".libs/"
| #define HAVE_BOOST 1
| #define HAVE_BOOST_CAST_HPP 1
| #define HAVE_BOOST_LEXICAL_CAST_HPP 1
| /* end confdefs.h.  */
| 
| #if defined __GNUC__ && __GNUC__ == 3 && __GNUC_MINOR__ == 0 && !defined __ICC
| /* OK */
| #else
| # error defined __GNUC__ && __GNUC__ == 3 && __GNUC_MINOR__ == 0 && !defined __ICC
| #endif
| 
| int
| main (void)
| {
| 
|   ;
|   return 0;
| }
configure:19245: g++ -c -g -O2 -std=c++20 -pipe  conftest.cpp >&5
conftest.cpp:30:3: error: #error defined __BORLANDC__
   30 | # error defined __BORLANDC__
      |   ^~~~~
configure:19245: $? = 1
configure: failed program was:
| /* confdefs.h */
| #define PACKAGE_NAME "LRDE Tiger Compiler"
| #define PACKAGE_TARNAME "tc"
| #define PACKAGE_VERSION "1.92.a"
| #define PACKAGE_STRING "LRDE Tiger Compiler 1.92.a"
| #define PACKAGE_BUGREPORT "tiger@lrde.epita.fr"
| #define PACKAGE_URL "http://tiger.lrde.epita.fr"
| #define PACKAGE "tc"
| #define VERSION "1.92.a"
| #define HAVE_STDIO_H 1
| #define HAVE_STDLIB_H 1
| #define HAVE_STRING_H 1
| #define HAVE_INTTYPES_H 1
| #define HAVE_STDINT_H 1
| #define HAVE_STRINGS_H 1
| #define HAVE_SYS_STAT_H 1
| #define HAVE_SYS_TYPES_H 1
| #define HAVE_UNISTD_H 1
| #define STDC_HEADERS 1
| #define HAVE_DLFCN_H 1
| #define LT_OBJDIR ".libs/"
| #define HAVE_BOOST 1
| #define HAVE_BOOST_CAST_HPP 1
| #define HAVE_BOOST_LEXICAL_CAST_HPP 1
| /* end confdefs.h.  */
| 
| #if defined __BORLANDC__
| /* OK */
| #else
| # error defined __BORLANDC__
| #endif
| 
| int
| main (void)
| {
| 
|   ;
|   return 0;
| }
configure:19245: g++ -c -g -O2 -std=c++20 -pipe  conftest.cpp >&5
conftest.cpp:27:49: error: operator "defined" requires an identifier
   27 | #if defined __ICC && (defined __unix || defined )
      |                                                 ^
conftest.cpp:27:22: error: missing ')' in expression
   27 | #if defined __ICC && (defined __unix || defined )
      |                      ^
conftest.cpp:30:3: error: #error defined __ICC && (defined __unix || defined )
   30 | # error defined __ICC && (defined __unix || defined )
      |   ^~~~~
configure:19245: $? = 1
configure: failed program was:
| /* confdefs.h */
| #define PACKAGE_NAME "LRDE Tiger Compiler"
| #define PACKAGE_TARNAME "tc"
| #define PACKAGE_VERSION "1.92.a"
| #define PACKAGE_STRING "LRDE Tiger Compiler 1.92.a"
| #define PACKAGE_BUGREPORT "tiger@lrde.epita.fr"
| #define PACKAGE_URL "http://tiger.lrde.epita.fr"
| #define PACKAGE "tc"
| #define VERSION "1.92.a"
| #define HAVE_STDIO_H 1
| #define HAVE_STDLIB_H 1
| #define HAVE_STRING_H 1
| #define HAVE_INTTYPES_H 1
| #define HAVE_STDINT_H 1
| #define HAVE_STRINGS_H 1
| #define HAVE_SYS_STAT_H 1
| #define HAVE_SYS_TYPES_H 1
| #define HAVE_UNISTD_H 1
| #define STDC_HEADERS 1
| #define HAVE_DLFCN_H 1
| #define LT_OBJDIR ".libs/"
| #define HAVE_BOOST 1
| #define HAVE_BOOST_CAST_HPP 1
| #define HAVE_BOOST_LEXICAL_CAST_HPP 1
| /* end confdefs.h.  */
| 
| #if defined __ICC && (defined __unix || defined )
| /* OK */
| #else
| # error defined __ICC && (defined __unix || defined )
| #endif
| 
| int
| main (void)
| {
| 
|   ;
|   return 0;
| }
configure:19245: g++ -c -g -O2 -std=c++20 -pipe  conftest.cpp >&5
conftest.cpp:30:3: error: #error defined __ICL
   30 | # error defined __ICL
      |   ^~~~~
configure:19245: $? = 1
configure: failed program was:
| /* confdefs.h */
| #define PACKAGE_NAME "LRDE Tiger Compiler"
| #define PACKAGE_TARNAME "tc"
| #define PACKAGE_VERSION "1.92.a"
| #define PACKAGE_STRING "LRDE Tiger Compiler 1.92.a"
| #define PACKAGE_BUGREPORT "tiger@lrde.epita.fr"
| #define PACKAGE_URL "http://tiger.lrde.epita.fr"
| #define PACKAGE "tc"
| #define VERSION "1.92.a"
| #define HAVE_STDIO_H 1
| #define HAVE_STDLIB_H 1
| #define HAVE_STRING_H 1
| #define HAVE_INTTYPES_H 1
| #define HAVE_STDINT_H 1
| #define HAVE_STRINGS_H 1
| #define HAVE_SYS_STAT_H 1
| #define HAVE_SYS_TYPES_H 1
| #define HAVE_UNISTD_H 1
| #define STDC_HEADERS 1
| #define HAVE_DLFCN_H 1
| #define LT_OBJDIR ".libs/"
| #define HAVE_BOOST 1
| #define HAVE_BOOST_CAST_HPP 1
| #define HAVE_BOOST_LEXICAL_CAST_HPP 1
| /* end confdefs.h.  */
| 
| #if defined __ICL
| /* OK */
| #else
| # error defined __ICL
| #endif
| 
| int
| main (void)
| {
| 
|   ;
|   return 0;
| }
configure:19245: g++ -c -g -O2 -std=c++20 -pipe  conftest.cpp >&5
conftest.cpp:30:3: error: #error defined _MSC_VER && _MSC_VER == 1300
   30 | # error defined _MSC_VER && _MSC_VER == 1300
      |   ^~~~~
configure:19245: $? = 1
configure: failed program was:
| /* confdefs.h */
| #define PACKAGE_NAME "LRDE Tiger Compiler"
| #define PACKAGE_TARNAME "tc"
| #define PACKAGE_VERSION "1.92.a"
| #define PACKAGE_STRING "LRDE Tiger Compiler 1.92.a"
| #define PACKAGE_BUGREPORT "tiger@lrde.epita.fr"
| #define PACKAGE_URL "http://tiger.lrde.epita.fr"
| #define PACKAGE "tc"
| #define VERSION "1.92.a"
| #define HAVE_STDIO_H 1
| #define HAVE_STDLIB_H 1
| #define HAVE_STRING_H 1
| #define HAVE_INTTYPES_H 1
| #define HAVE_STDINT_H 1
| #define HAVE_STRINGS_H 1
| #define HAVE_SYS_STAT_H 1
| #define HAVE_SYS_TYPES_H 1
| #define HAVE_UNISTD_H 1
| #define STDC_HEADERS 1
| #define HAVE_DLFCN_H 1
| #define LT_OBJDIR ".libs/"
| #define HAVE_BOOST 1
| #define HAVE_BOOST_CAST_HPP 1
| #define HAVE_BOOST_LEXICAL_CAST_HPP 1
| /* end confdefs.h.  */
| 
| #if defined _MSC_VER && _MSC_VER == 1300
| /* OK */
| #else
| # error defined _MSC_VER && _MSC_VER == 1300
| #endif
| 
| int
| main (void)
| {
| 
|   ;
|   return 0;
| }
configure:19245: g++ -c -g -O2 -std=c++20 -pipe  conftest.cpp >&5
conftest.cpp:30:3: error: #error defined __GNUC__ && __GNUC__ == 2 && __GNUC_MINOR__ == 95 && !defined __ICC
   30 | # error defined __GNUC__ && __GNUC__ == 2 && __GNUC_MINOR__ == 95 && !defined __ICC
      |   ^~~~~
configure:19245: $? = 1
configure: failed program was:
| /* confdefs.h */
| #define PACKAGE_NAME "LRDE Tiger Compiler"
| #define PACKAGE_TARNAME "tc"
| #define PACKAGE_VERSION "1.92.a"
| #define PACKAGE_STRING "LRDE Tiger Compiler 1.92.a"
| #define PACKAGE_BUGREPORT "tiger@lrde.epita.fr"
| #define PACKAGE_URL "http://tiger.lrde.epita.fr"
| #define PACKAGE "tc"
| #define VERSION "1.92.a"
| #define HAVE_STDIO_H 1
| #define HAVE_STDLIB_H 1
| #define HAVE_STRING_H 1
| #define HAVE_INTTYPES_H 1
| #define HAVE_STDINT_H 1
| #define HAVE_STRINGS_H 1
| #define HAVE_SYS_STAT_H 1
| #define HAVE_SYS_TYPES_H 1
| #define HAVE_UNISTD_H 1
| #define STDC_HEADERS 1
| #define HAVE_DLFCN_H 1
| #define LT_OBJDIR ".libs/"
| #define HAVE_BOOST 1
| #define HAVE_BOOST_CAST_HPP 1
| #define HAVE_BOOST_LEXICAL_CAST_HPP 1
| /* end confdefs.h.  */
| 
| #if defined __GNUC__ && __GNUC__ == 2 && __GNUC_MINOR__ == 95 && !defined __ICC
| /* OK */
| #else
| # error defined __GNUC__ && __GNUC__ == 2 && __GNUC_MINOR__ == 95 && !defined __ICC
| #endif
| 
| int
| main (void)
| {
| 
|   ;
|   return 0;
| }
configure:19245: g++ -c -g -O2 -std=c++20 -pipe  conftest.cpp >&5
conftest.cpp:30:3: error: #error defined __MWERKS__ && __MWERKS__ <= 0x32FF
   30 | # error defined __MWERKS__ && __MWERKS__ <= 0x32FF
      |   ^~~~~
configure:19245: $? = 1
configure: failed program was:
| /* confdefs.h */
| #define PACKAGE_NAME "LRDE Tiger Compiler"
| #define PACKAGE_TARNAME "tc"
| #define PACKAGE_VERSION "1.92.a"
| #define PACKAGE_STRING "LRDE Tiger Compiler 1.92.a"
| #define PACKAGE_BUGREPORT "tiger@lrde.epita.fr"
| #define PACKAGE_URL "http://tiger.lrde.epita.fr"
| #define PACKAGE "tc"
| #define VERSION "1.92.a"
| #define HAVE_STDIO_H 1
| #define HAVE_STDLIB_H 1
| #define HAVE_STRING_H 1
| #define HAVE_INTTYPES_H 1
| #define HAVE_STDINT_H 1
| #define HAVE_STRINGS_H 1
| #define HAVE_SYS_STAT_H 1
| #define HAVE_SYS_TYPES_H 1
| #define HAVE_UNISTD_H 1
| #define STDC_HEADERS 1
| #define HAVE_DLFCN_H 1
| #define LT_OBJDIR ".libs/"
| #define HAVE_BOOST 1
| #define HAVE_BOOST_CAST_HPP 1
| #define HAVE_BOOST_LEXICAL_CAST_HPP 1
| /* end confdefs.h.  */
| 
| #if defined __MWERKS__ && __MWERKS__ <= 0x32FF
| /* OK */
| #else
| # error defined __MWERKS__ && __MWERKS__ <= 0x32FF
| #endif
| 
| int
| main (void)
| {
| 
|   ;
|   return 0;
| }
configure:19245: g++ -c -g -O2 -std=c++20 -pipe  conftest.cpp >&5
conftest.cpp:30:3: error: #error defined _MSC_VER && _MSC_VER < 1300 && !defined UNDER_CE
   30 | # error defined _MSC_VER && _MSC_VER < 1300 && !defined UNDER_CE
      |   ^~~~~
configure:19245: $? = 1
configure: failed program was:
| /* confdefs.h */
| #define PACKAGE_NAME "LRDE Tiger Compiler"
| #define PACKAGE_TARNAME "tc"
| #define PACKAGE_VERSION "1.92.a"
| #define PACKAGE_STRING "LRDE Tiger Compiler 1.92.a"
| #define PACKAGE_BUGREPORT "tiger@lrde.epita.fr"
| #define PACKAGE_URL "http://tiger.lrde.epita.fr"
| #define PACKAGE "tc"
| #define VERSION "1.92.a"
| #define HAVE_STDIO_H 1
| #define HAVE_STDLIB_H 1
| #define HAVE_STRING_H 1
| #define HAVE_INTTYPES_H 1
| #define HAVE_STDINT_H 1
| #define HAVE_STRINGS_H 1
| #define HAVE_SYS_STAT_H 1
| #define HAVE_SYS_TYPES_H 1
| #define HAVE_UNISTD_H 1
| #define STDC_HEADERS 1
| #define HAVE_DLFCN_H 1
| #define LT_OBJDIR ".libs/"
| #define HAVE_BOOST 1
| #define HAVE_BOOST_CAST_HPP 1
| #define HAVE_BOOST_LEXICAL_CAST_HPP 1
| /* end confdefs.h.  */
| 
| #if defined _MSC_VER && _MSC_VER < 1300 && !defined UNDER_CE
| /* OK */
| #else
| # error defined _MSC_VER && _MSC_VER < 1300 && !defined UNDER_CE
| #endif
| 
| int
| main (void)
| {
| 
|   ;
|   return 0;
| }
configure:19245: g++ -c -g -O2 -std=c++20 -pipe  conftest.cpp >&5
conftest.cpp:30:3: error: #error defined _MSC_VER && _MSC_VER < 1300 && defined UNDER_CE
   30 | # error defined _MSC_VER && _MSC_VER < 1300 && defined UNDER_CE
      |   ^~~~~
configure:19245: $? = 1
configure: failed program was:
| /* confdefs.h */
| #define PACKAGE_NAME "LRDE Tiger Compiler"
| #define PACKAGE_TARNAME "tc"
| #define PACKAGE_VERSION "1.92.a"
| #define PACKAGE_STRING "LRDE Tiger Compiler 1.92.a"
| #define PACKAGE_BUGREPORT "tiger@lrde.epita.fr"
| #define PACKAGE_URL "http://tiger.lrde.epita.fr"
| #define PACKAGE "tc"
| #define VERSION "1.92.a"
| #define HAVE_STDIO_H 1
| #define HAVE_STDLIB_H 1
| #define HAVE_STRING_H 1
| #define HAVE_INTTYPES_H 1
| #define HAVE_STDINT_H 1
| #define HAVE_STRINGS_H 1
| #define HAVE_SYS_STAT_H 1
| #define HAVE_SYS_TYPES_H 1
| #define HAVE_UNISTD_H 1
| #define STDC_HEADERS 1
| #define HAVE_DLFCN_H 1
| #define LT_OBJDIR ".libs/"
| #define HAVE_BOOST 1
| #define HAVE_BOOST_CAST_HPP 1
| #define HAVE_BOOST_LEXICAL_CAST_HPP 1
| /* end confdefs.h.  */
| 
| #if defined _MSC_VER && _MSC_VER < 1300 && defined UNDER_CE
| /* OK */
| #else
| # error defined _MSC_VER && _MSC_VER < 1300 && defined UNDER_CE
| #endif
| 
| int
| main (void)
| {
| 
|   ;
|   return 0;
| }
configure:19245: g++ -c -g -O2 -std=c++20 -pipe  conftest.cpp >&5
conftest.cpp:30:3: error: #error defined __MWERKS__ && __MWERKS__ <= 0x31FF
   30 | # error defined __MWERKS__ && __MWERKS__ <= 0x31FF
      |   ^~~~~
configure:19245: $? = 1
configure: failed program was:
| /* confdefs.h */
| #define PACKAGE_NAME "LRDE Tiger Compiler"
| #define PACKAGE_TARNAME "tc"
| #define PACKAGE_VERSION "1.92.a"
| #define PACKAGE_STRING "LRDE Tiger Compiler 1.92.a"
| #define PACKAGE_BUGREPORT "tiger@lrde.epita.fr"
| #define PACKAGE_URL "http://tiger.lrde.epita.fr"
| #define PACKAGE "tc"
| #define VERSION "1.92.a"
| #define HAVE_STDIO_H 1
| #define HAVE_STDLIB_H 1
| #define HAVE_STRING_H 1
| #define HAVE_INTTYPES_H 1
| #define HAVE_STDINT_H 1
| #define HAVE_STRINGS_H 1
| #define HAVE_SYS_STAT_H 1
| #define HAVE_SYS_TYPES_H 1
| #define HAVE_UNISTD_H 1
| #define STDC_HEADERS 1
| #define HAVE_DLFCN_H 1
| #define LT_OBJDIR ".libs/"
| #define HAVE_BOOST 1
| #define HAVE_BOOST_CAST_HPP 1
| #define HAVE_BOOST_LEXICAL_CAST_HPP 1
| /* end confdefs.h.  */
| 
| #if defined __MWERKS__ && __MWERKS__ <= 0x31FF
| /* OK */
| #else
| # error defined __MWERKS__ && __MWERKS__ <= 0x31FF
| #endif
| 
| int
| main (void)
| {
| 
|   ;
|   return 0;
| }
configure:19274: WARNING: could not figure out which toolset name to use for g++
configure:19281: result: 
configure:19314: g++ -c -g -O2 -std=c++20 -pipe  conftest.cpp >&5
conftest.cpp:30:3: error: #error MT not needed
   30 | # error MT not needed
      |   ^~~~~
configure:19314: $? = 1
configure: failed program was:
| /* confdefs.h */
| #define PACKAGE_NAME "LRDE Tiger Compiler"
| #define PACKAGE_TARNAME "tc"
| #define PACKAGE_VERSION "1.92.a"
| #define PACKAGE_STRING "LRDE Tiger Compiler 1.92.a"
| #define PACKAGE_BUGREPORT "tiger@lrde.epita.fr"
| #define PACKAGE_URL "http://tiger.lrde.epita.fr"
| #define PACKAGE "tc"
| #define VERSION "1.92.a"
| #define HAVE_STDIO_H 1
| #define HAVE_STDLIB_H 1
| #define HAVE_STRING_H 1
| #define HAVE_INTTYPES_H 1
| #define HAVE_STDINT_H 1
| #define HAVE_STRINGS_H 1
| #define HAVE_SYS_STAT_H 1
| #define HAVE_SYS_TYPES_H 1
| #define HAVE_UNISTD_H 1
| #define STDC_HEADERS 1
| #define HAVE_DLFCN_H 1
| #define LT_OBJDIR ".libs/"
| #define HAVE_BOOST 1
| #define HAVE_BOOST_CAST_HPP 1
| #define HAVE_BOOST_LEXICAL_CAST_HPP 1
| /* end confdefs.h.  */
| 
| #if defined _REENTRANT || defined _MT || defined __MT__
| /* use -mt */
| #else
| # error MT not needed
| #endif
| 
| int
| main (void)
| {
| 
|   ;
|   return 0;
| }
configure:19347: checking for boost/graph/adjacency_list.hpp
configure:19347: g++ -c -g -O2 -std=c++20 -pipe   conftest.cpp >&5
configure:19347: $? = 0
configure:19347: result: yes
configure:19367: checking for the Boost graph library
configure:19410: g++ -c -g -O2 -std=c++20 -pipe   conftest.cpp >&5
configure:19410: $? = 0
configure:19466: re-using the existing conftest.o
configure:19472: g++ -o conftest -g -O2 -std=c++20 -pipe    conftest.o -lboost_graph--mt-1_79  >&5
/nix/store/c4j39cgj3cwxgb5fp3z1vsyjhav33bxs-binutils-2.39/bin/ld: cannot find -lboost_graph--mt-1_79: No such file or directory
collect2: error: ld returned 1 exit status
configure:19481: $? = 1
configure:19466: re-using the existing conftest.o
configure:19472: g++ -o conftest -g -O2 -std=c++20 -pipe    conftest.o -lboost_graph--mt-1_79  >&5
/nix/store/c4j39cgj3cwxgb5fp3z1vsyjhav33bxs-binutils-2.39/bin/ld: cannot find -lboost_graph--mt-1_79: No such file or directory
collect2: error: ld returned 1 exit status
configure:19481: $? = 1
configure:19466: re-using the existing conftest.o
configure:19472: g++ -o conftest -g -O2 -std=c++20 -pipe    conftest.o -lboost_graph--1_79  >&5
/nix/store/c4j39cgj3cwxgb5fp3z1vsyjhav33bxs-binutils-2.39/bin/ld: cannot find -lboost_graph--1_79: No such file or directory
collect2: error: ld returned 1 exit status
configure:19481: $? = 1
configure:19466: re-using the existing conftest.o
configure:19472: g++ -o conftest -g -O2 -std=c++20 -pipe    conftest.o -lboost_graph--1_79  >&5
/nix/store/c4j39cgj3cwxgb5fp3z1vsyjhav33bxs-binutils-2.39/bin/ld: cannot find -lboost_graph--1_79: No such file or directory
collect2: error: ld returned 1 exit status
configure:19481: $? = 1
configure:19466: re-using the existing conftest.o
configure:19472: g++ -o conftest -g -O2 -std=c++20 -pipe    conftest.o -lboost_graph--mt-d-1_79  >&5
/nix/store/c4j39cgj3cwxgb5fp3z1vsyjhav33bxs-binutils-2.39/bin/ld: cannot find -lboost_graph--mt-d-1_79: No such file or directory
collect2: error: ld returned 1 exit status
configure:19481: $? = 1
configure:19466: re-using the existing conftest.o
configure:19472: g++ -o conftest -g -O2 -std=c++20 -pipe    conftest.o -lboost_graph--mt-d-1_79  >&5
/nix/store/c4j39cgj3cwxgb5fp3z1vsyjhav33bxs-binutils-2.39/bin/ld: cannot find -lboost_graph--mt-d-1_79: No such file or directory
collect2: error: ld returned 1 exit status
configure:19481: $? = 1
configure:19466: re-using the existing conftest.o
configure:19472: g++ -o conftest -g -O2 -std=c++20 -pipe    conftest.o -lboost_graph--d-1_79  >&5
/nix/store/c4j39cgj3cwxgb5fp3z1vsyjhav33bxs-binutils-2.39/bin/ld: cannot find -lboost_graph--d-1_79: No such file or directory
collect2: error: ld returned 1 exit status
configure:19481: $? = 1
configure:19466: re-using the existing conftest.o
configure:19472: g++ -o conftest -g -O2 -std=c++20 -pipe    conftest.o -lboost_graph--d-1_79  >&5
/nix/store/c4j39cgj3cwxgb5fp3z1vsyjhav33bxs-binutils-2.39/bin/ld: cannot find -lboost_graph--d-1_79: No such file or directory
collect2: error: ld returned 1 exit status
configure:19481: $? = 1
configure:19466: re-using the existing conftest.o
configure:19472: g++ -o conftest -g -O2 -std=c++20 -pipe    conftest.o -lboost_graph--mt  >&5
/nix/store/c4j39cgj3cwxgb5fp3z1vsyjhav33bxs-binutils-2.39/bin/ld: cannot find -lboost_graph--mt: No such file or directory
collect2: error: ld returned 1 exit status
configure:19481: $? = 1
configure:19466: re-using the existing conftest.o
configure:19472: g++ -o conftest -g -O2 -std=c++20 -pipe    conftest.o -lboost_graph--mt  >&5
/nix/store/c4j39cgj3cwxgb5fp3z1vsyjhav33bxs-binutils-2.39/bin/ld: cannot find -lboost_graph--mt: No such file or directory
collect2: error: ld returned 1 exit status
configure:19481: $? = 1
configure:19466: re-using the existing conftest.o
configure:19472: g++ -o conftest -g -O2 -std=c++20 -pipe    conftest.o -lboost_graph-  >&5
/nix/store/c4j39cgj3cwxgb5fp3z1vsyjhav33bxs-binutils-2.39/bin/ld: cannot find -lboost_graph-: No such file or directory
collect2: error: ld returned 1 exit status
configure:19481: $? = 1
configure:19466: re-using the existing conftest.o
configure:19472: g++ -o conftest -g -O2 -std=c++20 -pipe    conftest.o -lboost_graph-  >&5
/nix/store/c4j39cgj3cwxgb5fp3z1vsyjhav33bxs-binutils-2.39/bin/ld: cannot find -lboost_graph-: No such file or directory
collect2: error: ld returned 1 exit status
configure:19481: $? = 1
configure:19466: re-using the existing conftest.o
configure:19472: g++ -o conftest -g -O2 -std=c++20 -pipe    conftest.o -lboost_graph--mt-d  >&5
/nix/store/c4j39cgj3cwxgb5fp3z1vsyjhav33bxs-binutils-2.39/bin/ld: cannot find -lboost_graph--mt-d: No such file or directory
collect2: error: ld returned 1 exit status
configure:19481: $? = 1
configure:19466: re-using the existing conftest.o
configure:19472: g++ -o conftest -g -O2 -std=c++20 -pipe    conftest.o -lboost_graph--mt-d  >&5
/nix/store/c4j39cgj3cwxgb5fp3z1vsyjhav33bxs-binutils-2.39/bin/ld: cannot find -lboost_graph--mt-d: No such file or directory
collect2: error: ld returned 1 exit status
configure:19481: $? = 1
configure:19466: re-using the existing conftest.o
configure:19472: g++ -o conftest -g -O2 -std=c++20 -pipe    conftest.o -lboost_graph--d  >&5
/nix/store/c4j39cgj3cwxgb5fp3z1vsyjhav33bxs-binutils-2.39/bin/ld: cannot find -lboost_graph--d: No such file or directory
collect2: error: ld returned 1 exit status
configure:19481: $? = 1
configure:19466: re-using the existing conftest.o
configure:19472: g++ -o conftest -g -O2 -std=c++20 -pipe    conftest.o -lboost_graph--d  >&5
/nix/store/c4j39cgj3cwxgb5fp3z1vsyjhav33bxs-binutils-2.39/bin/ld: cannot find -lboost_graph--d: No such file or directory
collect2: error: ld returned 1 exit status
configure:19481: $? = 1
configure:19466: re-using the existing conftest.o
configure:19472: g++ -o conftest -g -O2 -std=c++20 -pipe    conftest.o -lboost_graph-mt-1_79  >&5
/nix/store/c4j39cgj3cwxgb5fp3z1vsyjhav33bxs-binutils-2.39/bin/ld: cannot find -lboost_graph-mt-1_79: No such file or directory
collect2: error: ld returned 1 exit status
configure:19481: $? = 1
configure:19466: re-using the existing conftest.o
configure:19472: g++ -o conftest -g -O2 -std=c++20 -pipe    conftest.o -lboost_graph-mt-1_79  >&5
/nix/store/c4j39cgj3cwxgb5fp3z1vsyjhav33bxs-binutils-2.39/bin/ld: cannot find -lboost_graph-mt-1_79: No such file or directory
collect2: error: ld returned 1 exit status
configure:19481: $? = 1
configure:19466: re-using the existing conftest.o
configure:19472: g++ -o conftest -g -O2 -std=c++20 -pipe    conftest.o -lboost_graph-1_79  >&5
/nix/store/c4j39cgj3cwxgb5fp3z1vsyjhav33bxs-binutils-2.39/bin/ld: cannot find -lboost_graph-1_79: No such file or directory
collect2: error: ld returned 1 exit status
configure:19481: $? = 1
configure:19466: re-using the existing conftest.o
configure:19472: g++ -o conftest -g -O2 -std=c++20 -pipe    conftest.o -lboost_graph-1_79  >&5
/nix/store/c4j39cgj3cwxgb5fp3z1vsyjhav33bxs-binutils-2.39/bin/ld: cannot find -lboost_graph-1_79: No such file or directory
collect2: error: ld returned 1 exit status
configure:19481: $? = 1
configure:19466: re-using the existing conftest.o
configure:19472: g++ -o conftest -g -O2 -std=c++20 -pipe    conftest.o -lboost_graph-mt-d-1_79  >&5
/nix/store/c4j39cgj3cwxgb5fp3z1vsyjhav33bxs-binutils-2.39/bin/ld: cannot find -lboost_graph-mt-d-1_79: No such file or directory
collect2: error: ld returned 1 exit status
configure:19481: $? = 1
configure:19466: re-using the existing conftest.o
configure:19472: g++ -o conftest -g -O2 -std=c++20 -pipe    conftest.o -lboost_graph-mt-d-1_79  >&5
/nix/store/c4j39cgj3cwxgb5fp3z1vsyjhav33bxs-binutils-2.39/bin/ld: cannot find -lboost_graph-mt-d-1_79: No such file or directory
collect2: error: ld returned 1 exit status
configure:19481: $? = 1
configure:19466: re-using the existing conftest.o
configure:19472: g++ -o conftest -g -O2 -std=c++20 -pipe    conftest.o -lboost_graph-d-1_79  >&5
/nix/store/c4j39cgj3cwxgb5fp3z1vsyjhav33bxs-binutils-2.39/bin/ld: cannot find -lboost_graph-d-1_79: No such file or directory
collect2: error: ld returned 1 exit status
configure:19481: $? = 1
configure:19466: re-using the existing conftest.o
configure:19472: g++ -o conftest -g -O2 -std=c++20 -pipe    conftest.o -lboost_graph-d-1_79  >&5
/nix/store/c4j39cgj3cwxgb5fp3z1vsyjhav33bxs-binutils-2.39/bin/ld: cannot find -lboost_graph-d-1_79: No such file or directory
collect2: error: ld returned 1 exit status
configure:19481: $? = 1
configure:19466: re-using the existing conftest.o
configure:19472: g++ -o conftest -g -O2 -std=c++20 -pipe    conftest.o -lboost_graph-mt  >&5
/nix/store/c4j39cgj3cwxgb5fp3z1vsyjhav33bxs-binutils-2.39/bin/ld: cannot find -lboost_graph-mt: No such file or directory
collect2: error: ld returned 1 exit status
configure:19481: $? = 1
configure:19466: re-using the existing conftest.o
configure:19472: g++ -o conftest -g -O2 -std=c++20 -pipe    conftest.o -lboost_graph-mt  >&5
/nix/store/c4j39cgj3cwxgb5fp3z1vsyjhav33bxs-binutils-2.39/bin/ld: cannot find -lboost_graph-mt: No such file or directory
collect2: error: ld returned 1 exit status
configure:19481: $? = 1
configure:19466: re-using the existing conftest.o
configure:19472: g++ -o conftest -g -O2 -std=c++20 -pipe    conftest.o -lboost_graph  >&5
configure:19481: $? = 0
configure:19596: result: yes
configure:19639: checking for boost/program_options.hpp
configure:19639: g++ -c -g -O2 -std=c++20 -pipe   conftest.cpp >&5
configure:19639: $? = 0
configure:19639: result: yes
configure:19659: checking for the Boost program_options library
configure:19702: g++ -c -g -O2 -std=c++20 -pipe   conftest.cpp >&5
configure:19702: $? = 0
configure:19758: re-using the existing conftest.o
configure:19764: g++ -o conftest -g -O2 -std=c++20 -pipe    conftest.o -lboost_program_options--mt-1_79  >&5
/nix/store/c4j39cgj3cwxgb5fp3z1vsyjhav33bxs-binutils-2.39/bin/ld: cannot find -lboost_program_options--mt-1_79: No such file or directory
collect2: error: ld returned 1 exit status
configure:19773: $? = 1
configure:19758: re-using the existing conftest.o
configure:19764: g++ -o conftest -g -O2 -std=c++20 -pipe    conftest.o -lboost_program_options--mt-1_79  >&5
/nix/store/c4j39cgj3cwxgb5fp3z1vsyjhav33bxs-binutils-2.39/bin/ld: cannot find -lboost_program_options--mt-1_79: No such file or directory
collect2: error: ld returned 1 exit status
configure:19773: $? = 1
configure:19758: re-using the existing conftest.o
configure:19764: g++ -o conftest -g -O2 -std=c++20 -pipe    conftest.o -lboost_program_options--1_79  >&5
/nix/store/c4j39cgj3cwxgb5fp3z1vsyjhav33bxs-binutils-2.39/bin/ld: cannot find -lboost_program_options--1_79: No such file or directory
collect2: error: ld returned 1 exit status
configure:19773: $? = 1
configure:19758: re-using the existing conftest.o
configure:19764: g++ -o conftest -g -O2 -std=c++20 -pipe    conftest.o -lboost_program_options--1_79  >&5
/nix/store/c4j39cgj3cwxgb5fp3z1vsyjhav33bxs-binutils-2.39/bin/ld: cannot find -lboost_program_options--1_79: No such file or directory
collect2: error: ld returned 1 exit status
configure:19773: $? = 1
configure:19758: re-using the existing conftest.o
configure:19764: g++ -o conftest -g -O2 -std=c++20 -pipe    conftest.o -lboost_program_options--mt-d-1_79  >&5
/nix/store/c4j39cgj3cwxgb5fp3z1vsyjhav33bxs-binutils-2.39/bin/ld: cannot find -lboost_program_options--mt-d-1_79: No such file or directory
collect2: error: ld returned 1 exit status
configure:19773: $? = 1
configure:19758: re-using the existing conftest.o
configure:19764: g++ -o conftest -g -O2 -std=c++20 -pipe    conftest.o -lboost_program_options--mt-d-1_79  >&5
/nix/store/c4j39cgj3cwxgb5fp3z1vsyjhav33bxs-binutils-2.39/bin/ld: cannot find -lboost_program_options--mt-d-1_79: No such file or directory
collect2: error: ld returned 1 exit status
configure:19773: $? = 1
configure:19758: re-using the existing conftest.o
configure:19764: g++ -o conftest -g -O2 -std=c++20 -pipe    conftest.o -lboost_program_options--d-1_79  >&5
/nix/store/c4j39cgj3cwxgb5fp3z1vsyjhav33bxs-binutils-2.39/bin/ld: cannot find -lboost_program_options--d-1_79: No such file or directory
collect2: error: ld returned 1 exit status
configure:19773: $? = 1
configure:19758: re-using the existing conftest.o
configure:19764: g++ -o conftest -g -O2 -std=c++20 -pipe    conftest.o -lboost_program_options--d-1_79  >&5
/nix/store/c4j39cgj3cwxgb5fp3z1vsyjhav33bxs-binutils-2.39/bin/ld: cannot find -lboost_program_options--d-1_79: No such file or directory
collect2: error: ld returned 1 exit status
configure:19773: $? = 1
configure:19758: re-using the existing conftest.o
configure:19764: g++ -o conftest -g -O2 -std=c++20 -pipe    conftest.o -lboost_program_options--mt  >&5
/nix/store/c4j39cgj3cwxgb5fp3z1vsyjhav33bxs-binutils-2.39/bin/ld: cannot find -lboost_program_options--mt: No such file or directory
collect2: error: ld returned 1 exit status
configure:19773: $? = 1
configure:19758: re-using the existing conftest.o
configure:19764: g++ -o conftest -g -O2 -std=c++20 -pipe    conftest.o -lboost_program_options--mt  >&5
/nix/store/c4j39cgj3cwxgb5fp3z1vsyjhav33bxs-binutils-2.39/bin/ld: cannot find -lboost_program_options--mt: No such file or directory
collect2: error: ld returned 1 exit status
configure:19773: $? = 1
configure:19758: re-using the existing conftest.o
configure:19764: g++ -o conftest -g -O2 -std=c++20 -pipe    conftest.o -lboost_program_options-  >&5
/nix/store/c4j39cgj3cwxgb5fp3z1vsyjhav33bxs-binutils-2.39/bin/ld: cannot find -lboost_program_options-: No such file or directory
collect2: error: ld returned 1 exit status
configure:19773: $? = 1
configure:19758: re-using the existing conftest.o
configure:19764: g++ -o conftest -g -O2 -std=c++20 -pipe    conftest.o -lboost_program_options-  >&5
/nix/store/c4j39cgj3cwxgb5fp3z1vsyjhav33bxs-binutils-2.39/bin/ld: cannot find -lboost_program_options-: No such file or directory
collect2: error: ld returned 1 exit status
configure:19773: $? = 1
configure:19758: re-using the existing conftest.o
configure:19764: g++ -o conftest -g -O2 -std=c++20 -pipe    conftest.o -lboost_program_options--mt-d  >&5
/nix/store/c4j39cgj3cwxgb5fp3z1vsyjhav33bxs-binutils-2.39/bin/ld: cannot find -lboost_program_options--mt-d: No such file or directory
collect2: error: ld returned 1 exit status
configure:19773: $? = 1
configure:19758: re-using the existing conftest.o
configure:19764: g++ -o conftest -g -O2 -std=c++20 -pipe    conftest.o -lboost_program_options--mt-d  >&5
/nix/store/c4j39cgj3cwxgb5fp3z1vsyjhav33bxs-binutils-2.39/bin/ld: cannot find -lboost_program_options--mt-d: No such file or directory
collect2: error: ld returned 1 exit status
configure:19773: $? = 1
configure:19758: re-using the existing conftest.o
configure:19764: g++ -o conftest -g -O2 -std=c++20 -pipe    conftest.o -lboost_program_options--d  >&5
/nix/store/c4j39cgj3cwxgb5fp3z1vsyjhav33bxs-binutils-2.39/bin/ld: cannot find -lboost_program_options--d: No such file or directory
collect2: error: ld returned 1 exit status
configure:19773: $? = 1
configure:19758: re-using the existing conftest.o
configure:19764: g++ -o conftest -g -O2 -std=c++20 -pipe    conftest.o -lboost_program_options--d  >&5
/nix/store/c4j39cgj3cwxgb5fp3z1vsyjhav33bxs-binutils-2.39/bin/ld: cannot find -lboost_program_options--d: No such file or directory
collect2: error: ld returned 1 exit status
configure:19773: $? = 1
configure:19758: re-using the existing conftest.o
configure:19764: g++ -o conftest -g -O2 -std=c++20 -pipe    conftest.o -lboost_program_options-mt-1_79  >&5
/nix/store/c4j39cgj3cwxgb5fp3z1vsyjhav33bxs-binutils-2.39/bin/ld: cannot find -lboost_program_options-mt-1_79: No such file or directory
collect2: error: ld returned 1 exit status
configure:19773: $? = 1
configure:19758: re-using the existing conftest.o
configure:19764: g++ -o conftest -g -O2 -std=c++20 -pipe    conftest.o -lboost_program_options-mt-1_79  >&5
/nix/store/c4j39cgj3cwxgb5fp3z1vsyjhav33bxs-binutils-2.39/bin/ld: cannot find -lboost_program_options-mt-1_79: No such file or directory
collect2: error: ld returned 1 exit status
configure:19773: $? = 1
configure:19758: re-using the existing conftest.o
configure:19764: g++ -o conftest -g -O2 -std=c++20 -pipe    conftest.o -lboost_program_options-1_79  >&5
/nix/store/c4j39cgj3cwxgb5fp3z1vsyjhav33bxs-binutils-2.39/bin/ld: cannot find -lboost_program_options-1_79: No such file or directory
collect2: error: ld returned 1 exit status
configure:19773: $? = 1
configure:19758: re-using the existing conftest.o
configure:19764: g++ -o conftest -g -O2 -std=c++20 -pipe    conftest.o -lboost_program_options-1_79  >&5
/nix/store/c4j39cgj3cwxgb5fp3z1vsyjhav33bxs-binutils-2.39/bin/ld: cannot find -lboost_program_options-1_79: No such file or directory
collect2: error: ld returned 1 exit status
configure:19773: $? = 1
configure:19758: re-using the existing conftest.o
configure:19764: g++ -o conftest -g -O2 -std=c++20 -pipe    conftest.o -lboost_program_options-mt-d-1_79  >&5
/nix/store/c4j39cgj3cwxgb5fp3z1vsyjhav33bxs-binutils-2.39/bin/ld: cannot find -lboost_program_options-mt-d-1_79: No such file or directory
collect2: error: ld returned 1 exit status
configure:19773: $? = 1
configure:19758: re-using the existing conftest.o
configure:19764: g++ -o conftest -g -O2 -std=c++20 -pipe    conftest.o -lboost_program_options-mt-d-1_79  >&5
/nix/store/c4j39cgj3cwxgb5fp3z1vsyjhav33bxs-binutils-2.39/bin/ld: cannot find -lboost_program_options-mt-d-1_79: No such file or directory
collect2: error: ld returned 1 exit status
configure:19773: $? = 1
configure:19758: re-using the existing conftest.o
configure:19764: g++ -o conftest -g -O2 -std=c++20 -pipe    conftest.o -lboost_program_options-d-1_79  >&5
/nix/store/c4j39cgj3cwxgb5fp3z1vsyjhav33bxs-binutils-2.39/bin/ld: cannot find -lboost_program_options-d-1_79: No such file or directory
collect2: error: ld returned 1 exit status
configure:19773: $? = 1
configure:19758: re-using the existing conftest.o
configure:19764: g++ -o conftest -g -O2 -std=c++20 -pipe    conftest.o -lboost_program_options-d-1_79  >&5
/nix/store/c4j39cgj3cwxgb5fp3z1vsyjhav33bxs-binutils-2.39/bin/ld: cannot find -lboost_program_options-d-1_79: No such file or directory
collect2: error: ld returned 1 exit status
configure:19773: $? = 1
configure:19758: re-using the existing conftest.o
configure:19764: g++ -o conftest -g -O2 -std=c++20 -pipe    conftest.o -lboost_program_options-mt  >&5
/nix/store/c4j39cgj3cwxgb5fp3z1vsyjhav33bxs-binutils-2.39/bin/ld: cannot find -lboost_program_options-mt: No such file or directory
collect2: error: ld returned 1 exit status
configure:19773: $? = 1
configure:19758: re-using the existing conftest.o
configure:19764: g++ -o conftest -g -O2 -std=c++20 -pipe    conftest.o -lboost_program_options-mt  >&5
/nix/store/c4j39cgj3cwxgb5fp3z1vsyjhav33bxs-binutils-2.39/bin/ld: cannot find -lboost_program_options-mt: No such file or directory
collect2: error: ld returned 1 exit status
configure:19773: $? = 1
configure:19758: re-using the existing conftest.o
configure:19764: g++ -o conftest -g -O2 -std=c++20 -pipe    conftest.o -lboost_program_options  >&5
configure:19773: $? = 0
configure:19888: result: yes
configure:19922: checking for boost/algorithm/string.hpp
configure:19922: g++ -c -g -O2 -std=c++20 -pipe   conftest.cpp >&5
configure:19922: $? = 0
configure:19922: result: yes
configure:19962: checking for boost/system/error_code.hpp
configure:19962: g++ -c -g -O2 -std=c++20 -pipe   conftest.cpp >&5
configure:19962: $? = 0
configure:19962: result: yes
configure:19982: checking for the Boost system library
configure:20025: g++ -c -g -O2 -std=c++20 -pipe   conftest.cpp >&5
configure:20025: $? = 0
configure:20081: re-using the existing conftest.o
configure:20087: g++ -o conftest -g -O2 -std=c++20 -pipe    conftest.o -lboost_system--mt-1_79  >&5
/nix/store/c4j39cgj3cwxgb5fp3z1vsyjhav33bxs-binutils-2.39/bin/ld: cannot find -lboost_system--mt-1_79: No such file or directory
collect2: error: ld returned 1 exit status
configure:20096: $? = 1
configure:20081: re-using the existing conftest.o
configure:20087: g++ -o conftest -g -O2 -std=c++20 -pipe    conftest.o -lboost_system--mt-1_79  >&5
/nix/store/c4j39cgj3cwxgb5fp3z1vsyjhav33bxs-binutils-2.39/bin/ld: cannot find -lboost_system--mt-1_79: No such file or directory
collect2: error: ld returned 1 exit status
configure:20096: $? = 1
configure:20081: re-using the existing conftest.o
configure:20087: g++ -o conftest -g -O2 -std=c++20 -pipe    conftest.o -lboost_system--1_79  >&5
/nix/store/c4j39cgj3cwxgb5fp3z1vsyjhav33bxs-binutils-2.39/bin/ld: cannot find -lboost_system--1_79: No such file or directory
collect2: error: ld returned 1 exit status
configure:20096: $? = 1
configure:20081: re-using the existing conftest.o
configure:20087: g++ -o conftest -g -O2 -std=c++20 -pipe    conftest.o -lboost_system--1_79  >&5
/nix/store/c4j39cgj3cwxgb5fp3z1vsyjhav33bxs-binutils-2.39/bin/ld: cannot find -lboost_system--1_79: No such file or directory
collect2: error: ld returned 1 exit status
configure:20096: $? = 1
configure:20081: re-using the existing conftest.o
configure:20087: g++ -o conftest -g -O2 -std=c++20 -pipe    conftest.o -lboost_system--mt-d-1_79  >&5
/nix/store/c4j39cgj3cwxgb5fp3z1vsyjhav33bxs-binutils-2.39/bin/ld: cannot find -lboost_system--mt-d-1_79: No such file or directory
collect2: error: ld returned 1 exit status
configure:20096: $? = 1
configure:20081: re-using the existing conftest.o
configure:20087: g++ -o conftest -g -O2 -std=c++20 -pipe    conftest.o -lboost_system--mt-d-1_79  >&5
/nix/store/c4j39cgj3cwxgb5fp3z1vsyjhav33bxs-binutils-2.39/bin/ld: cannot find -lboost_system--mt-d-1_79: No such file or directory
collect2: error: ld returned 1 exit status
configure:20096: $? = 1
configure:20081: re-using the existing conftest.o
configure:20087: g++ -o conftest -g -O2 -std=c++20 -pipe    conftest.o -lboost_system--d-1_79  >&5
/nix/store/c4j39cgj3cwxgb5fp3z1vsyjhav33bxs-binutils-2.39/bin/ld: cannot find -lboost_system--d-1_79: No such file or directory
collect2: error: ld returned 1 exit status
configure:20096: $? = 1
configure:20081: re-using the existing conftest.o
configure:20087: g++ -o conftest -g -O2 -std=c++20 -pipe    conftest.o -lboost_system--d-1_79  >&5
/nix/store/c4j39cgj3cwxgb5fp3z1vsyjhav33bxs-binutils-2.39/bin/ld: cannot find -lboost_system--d-1_79: No such file or directory
collect2: error: ld returned 1 exit status
configure:20096: $? = 1
configure:20081: re-using the existing conftest.o
configure:20087: g++ -o conftest -g -O2 -std=c++20 -pipe    conftest.o -lboost_system--mt  >&5
/nix/store/c4j39cgj3cwxgb5fp3z1vsyjhav33bxs-binutils-2.39/bin/ld: cannot find -lboost_system--mt: No such file or directory
collect2: error: ld returned 1 exit status
configure:20096: $? = 1
configure:20081: re-using the existing conftest.o
configure:20087: g++ -o conftest -g -O2 -std=c++20 -pipe    conftest.o -lboost_system--mt  >&5
/nix/store/c4j39cgj3cwxgb5fp3z1vsyjhav33bxs-binutils-2.39/bin/ld: cannot find -lboost_system--mt: No such file or directory
collect2: error: ld returned 1 exit status
configure:20096: $? = 1
configure:20081: re-using the existing conftest.o
configure:20087: g++ -o conftest -g -O2 -std=c++20 -pipe    conftest.o -lboost_system-  >&5
/nix/store/c4j39cgj3cwxgb5fp3z1vsyjhav33bxs-binutils-2.39/bin/ld: cannot find -lboost_system-: No such file or directory
collect2: error: ld returned 1 exit status
configure:20096: $? = 1
configure:20081: re-using the existing conftest.o
configure:20087: g++ -o conftest -g -O2 -std=c++20 -pipe    conftest.o -lboost_system-  >&5
/nix/store/c4j39cgj3cwxgb5fp3z1vsyjhav33bxs-binutils-2.39/bin/ld: cannot find -lboost_system-: No such file or directory
collect2: error: ld returned 1 exit status
configure:20096: $? = 1
configure:20081: re-using the existing conftest.o
configure:20087: g++ -o conftest -g -O2 -std=c++20 -pipe    conftest.o -lboost_system--mt-d  >&5
/nix/store/c4j39cgj3cwxgb5fp3z1vsyjhav33bxs-binutils-2.39/bin/ld: cannot find -lboost_system--mt-d: No such file or directory
collect2: error: ld returned 1 exit status
configure:20096: $? = 1
configure:20081: re-using the existing conftest.o
configure:20087: g++ -o conftest -g -O2 -std=c++20 -pipe    conftest.o -lboost_system--mt-d  >&5
/nix/store/c4j39cgj3cwxgb5fp3z1vsyjhav33bxs-binutils-2.39/bin/ld: cannot find -lboost_system--mt-d: No such file or directory
collect2: error: ld returned 1 exit status
configure:20096: $? = 1
configure:20081: re-using the existing conftest.o
configure:20087: g++ -o conftest -g -O2 -std=c++20 -pipe    conftest.o -lboost_system--d  >&5
/nix/store/c4j39cgj3cwxgb5fp3z1vsyjhav33bxs-binutils-2.39/bin/ld: cannot find -lboost_system--d: No such file or directory
collect2: error: ld returned 1 exit status
configure:20096: $? = 1
configure:20081: re-using the existing conftest.o
configure:20087: g++ -o conftest -g -O2 -std=c++20 -pipe    conftest.o -lboost_system--d  >&5
/nix/store/c4j39cgj3cwxgb5fp3z1vsyjhav33bxs-binutils-2.39/bin/ld: cannot find -lboost_system--d: No such file or directory
collect2: error: ld returned 1 exit status
configure:20096: $? = 1
configure:20081: re-using the existing conftest.o
configure:20087: g++ -o conftest -g -O2 -std=c++20 -pipe    conftest.o -lboost_system-mt-1_79  >&5
/nix/store/c4j39cgj3cwxgb5fp3z1vsyjhav33bxs-binutils-2.39/bin/ld: cannot find -lboost_system-mt-1_79: No such file or directory
collect2: error: ld returned 1 exit status
configure:20096: $? = 1
configure:20081: re-using the existing conftest.o
configure:20087: g++ -o conftest -g -O2 -std=c++20 -pipe    conftest.o -lboost_system-mt-1_79  >&5
/nix/store/c4j39cgj3cwxgb5fp3z1vsyjhav33bxs-binutils-2.39/bin/ld: cannot find -lboost_system-mt-1_79: No such file or directory
collect2: error: ld returned 1 exit status
configure:20096: $? = 1
configure:20081: re-using the existing conftest.o
configure:20087: g++ -o conftest -g -O2 -std=c++20 -pipe    conftest.o -lboost_system-1_79  >&5
/nix/store/c4j39cgj3cwxgb5fp3z1vsyjhav33bxs-binutils-2.39/bin/ld: cannot find -lboost_system-1_79: No such file or directory
collect2: error: ld returned 1 exit status
configure:20096: $? = 1
configure:20081: re-using the existing conftest.o
configure:20087: g++ -o conftest -g -O2 -std=c++20 -pipe    conftest.o -lboost_system-1_79  >&5
/nix/store/c4j39cgj3cwxgb5fp3z1vsyjhav33bxs-binutils-2.39/bin/ld: cannot find -lboost_system-1_79: No such file or directory
collect2: error: ld returned 1 exit status
configure:20096: $? = 1
configure:20081: re-using the existing conftest.o
configure:20087: g++ -o conftest -g -O2 -std=c++20 -pipe    conftest.o -lboost_system-mt-d-1_79  >&5
/nix/store/c4j39cgj3cwxgb5fp3z1vsyjhav33bxs-binutils-2.39/bin/ld: cannot find -lboost_system-mt-d-1_79: No such file or directory
collect2: error: ld returned 1 exit status
configure:20096: $? = 1
configure:20081: re-using the existing conftest.o
configure:20087: g++ -o conftest -g -O2 -std=c++20 -pipe    conftest.o -lboost_system-mt-d-1_79  >&5
/nix/store/c4j39cgj3cwxgb5fp3z1vsyjhav33bxs-binutils-2.39/bin/ld: cannot find -lboost_system-mt-d-1_79: No such file or directory
collect2: error: ld returned 1 exit status
configure:20096: $? = 1
configure:20081: re-using the existing conftest.o
configure:20087: g++ -o conftest -g -O2 -std=c++20 -pipe    conftest.o -lboost_system-d-1_79  >&5
/nix/store/c4j39cgj3cwxgb5fp3z1vsyjhav33bxs-binutils-2.39/bin/ld: cannot find -lboost_system-d-1_79: No such file or directory
collect2: error: ld returned 1 exit status
configure:20096: $? = 1
configure:20081: re-using the existing conftest.o
configure:20087: g++ -o conftest -g -O2 -std=c++20 -pipe    conftest.o -lboost_system-d-1_79  >&5
/nix/store/c4j39cgj3cwxgb5fp3z1vsyjhav33bxs-binutils-2.39/bin/ld: cannot find -lboost_system-d-1_79: No such file or directory
collect2: error: ld returned 1 exit status
configure:20096: $? = 1
configure:20081: re-using the existing conftest.o
configure:20087: g++ -o conftest -g -O2 -std=c++20 -pipe    conftest.o -lboost_system-mt  >&5
/nix/store/c4j39cgj3cwxgb5fp3z1vsyjhav33bxs-binutils-2.39/bin/ld: cannot find -lboost_system-mt: No such file or directory
collect2: error: ld returned 1 exit status
configure:20096: $? = 1
configure:20081: re-using the existing conftest.o
configure:20087: g++ -o conftest -g -O2 -std=c++20 -pipe    conftest.o -lboost_system-mt  >&5
/nix/store/c4j39cgj3cwxgb5fp3z1vsyjhav33bxs-binutils-2.39/bin/ld: cannot find -lboost_system-mt: No such file or directory
collect2: error: ld returned 1 exit status
configure:20096: $? = 1
configure:20081: re-using the existing conftest.o
configure:20087: g++ -o conftest -g -O2 -std=c++20 -pipe    conftest.o -lboost_system  >&5
configure:20096: $? = 0
configure:20211: result: yes
configure:20359: checking that generated files are newer than configure
configure:20365: result: done
configure:20404: creating ./config.status

## ---------------------- ##
## Running config.status. ##
## ---------------------- ##

This file was extended by LRDE Tiger Compiler config.status 1.92.a, which was
generated by GNU Autoconf 2.71.  Invocation command line was

  CONFIG_FILES    = 
  CONFIG_HEADERS  = 
  CONFIG_LINKS    = 
  CONFIG_COMMANDS = 
  $ ./config.status 

on r06p05.sm14.kb.sm.cri.epita.fr

config.status:1184: creating build-aux/bin/bison++
config.status:1184: creating tests/Makefile
config.status:1184: creating Makefile
config.status:1184: creating config.h
config.status:1413: executing depfiles commands
config.status:1490: cd .       && sed -e '/# am--include-marker/d' Makefile         | make -f - am--depfiles
config.status:1495: $? = 0
config.status:1413: executing libtool commands

## ---------------- ##
## Cache variables. ##
## ---------------- ##

ac_cv_BISON_actual_version=3.8.2
ac_cv_BISON_version=yes
ac_cv_REFLEX_actual_version=3.2.12
ac_cv_REFLEX_version=yes
ac_cv_build=x86_64-pc-linux-gnu
ac_cv_c_compiler_gnu=yes
ac_cv_cxx_compiler_gnu=yes
ac_cv_cxx_supports_=yes
ac_cv_cxx_supports__W=yes
ac_cv_cxx_supports__Wall=yes
ac_cv_cxx_supports__Wbad_function_cast=no
ac_cv_cxx_supports__Wcast_align=yes
ac_cv_cxx_supports__Wcast_qual=yes
ac_cv_cxx_supports__Wformat=yes
ac_cv_cxx_supports__Wmissing_declarations=yes
ac_cv_cxx_supports__Wmissing_prototypes=no
ac_cv_cxx_supports__Wnested_externs=no
ac_cv_cxx_supports__Wno_shadow=yes
ac_cv_cxx_supports__Wno_strict_aliasing=yes
ac_cv_cxx_supports__Wno_subobject_linkage=yes
ac_cv_cxx_supports__Woverloaded_virtual=yes
ac_cv_cxx_supports__Wstrict_prototypes=no
ac_cv_cxx_supports__Wunused_function=yes
ac_cv_cxx_supports__Wunused_parameter=yes
ac_cv_cxx_supports__Wwrite_strings=yes
ac_cv_cxx_supports__wd111_193_279_383_444_522_654_810_981_1418=no
ac_cv_env_BISON_set=
ac_cv_env_BISON_value=
ac_cv_env_BOOST_ROOT_set=
ac_cv_env_BOOST_ROOT_value=
ac_cv_env_CCC_set=
ac_cv_env_CCC_value=
ac_cv_env_CC_set=
ac_cv_env_CC_value=
ac_cv_env_CFLAGS_set=
ac_cv_env_CFLAGS_value=
ac_cv_env_CPPFLAGS_set=
ac_cv_env_CPPFLAGS_value=
ac_cv_env_CXXCPP_set=
ac_cv_env_CXXCPP_value=
ac_cv_env_CXXFLAGS_set=
ac_cv_env_CXXFLAGS_value=
ac_cv_env_CXX_set=
ac_cv_env_CXX_value=
ac_cv_env_EMACSLOADPATH_set=
ac_cv_env_EMACSLOADPATH_value=
ac_cv_env_EMACS_set=
ac_cv_env_EMACS_value=
ac_cv_env_LDFLAGS_set=
ac_cv_env_LDFLAGS_value=
ac_cv_env_LIBS_set=
ac_cv_env_LIBS_value=
ac_cv_env_LT_SYS_LIBRARY_PATH_set=
ac_cv_env_LT_SYS_LIBRARY_PATH_value=
ac_cv_env_REFLEX_set=
ac_cv_env_REFLEX_value=
ac_cv_env_build_alias_set=
ac_cv_env_build_alias_value=
ac_cv_env_host_alias_set=
ac_cv_env_host_alias_value=
ac_cv_env_target_alias_set=
ac_cv_env_target_alias_value=
ac_cv_header_boost_algorithm_string_hpp=yes
ac_cv_header_boost_cast_hpp=yes
ac_cv_header_boost_graph_adjacency_list_hpp=yes
ac_cv_header_boost_lexical_cast_hpp=yes
ac_cv_header_boost_program_options_hpp=yes
ac_cv_header_boost_system_error_code_hpp=yes
ac_cv_header_dlfcn_h=yes
ac_cv_header_inttypes_h=yes
ac_cv_header_stdint_h=yes
ac_cv_header_stdio_h=yes
ac_cv_header_stdlib_h=yes
ac_cv_header_string_h=yes
ac_cv_header_strings_h=yes
ac_cv_header_sys_stat_h=yes
ac_cv_header_sys_types_h=yes
ac_cv_header_unistd_h=yes
ac_cv_host=x86_64-pc-linux-gnu
ac_cv_objext=o
ac_cv_path_EGREP='/run/current-system/sw/bin/grep -E'
ac_cv_path_FGREP='/run/current-system/sw/bin/grep -F'
ac_cv_path_GREP=/run/current-system/sw/bin/grep
ac_cv_path_SED=/run/current-system/sw/bin/sed
ac_cv_path_install='/run/current-system/sw/bin/install -c'
ac_cv_path_lt_DD=/run/current-system/sw/bin/dd
ac_cv_path_mkdir=/run/current-system/sw/bin/mkdir
ac_cv_prog_AWK=gawk
ac_cv_prog_BISON=bison
ac_cv_prog_CLANG_FORMAT=clang-format
ac_cv_prog_CXXCPP='g++ -E'
ac_cv_prog_EMACS=emacs
ac_cv_prog_REFLEX=reflex
ac_cv_prog_ac_ct_AR=ar
ac_cv_prog_ac_ct_CC=gcc
ac_cv_prog_ac_ct_CXX=g++
ac_cv_prog_ac_ct_FILECMD=file
ac_cv_prog_ac_ct_OBJDUMP=objdump
ac_cv_prog_ac_ct_RANLIB=ranlib
ac_cv_prog_ac_ct_STRIP=strip
ac_cv_prog_cc_c11=
ac_cv_prog_cc_g=yes
ac_cv_prog_cc_stdc=
ac_cv_prog_cxx_11=no
ac_cv_prog_cxx_cxx11=
ac_cv_prog_cxx_g=yes
ac_cv_prog_cxx_stdcxx=
ac_cv_prog_make_make_set=yes
am_cv_CC_dependencies_compiler_type=gcc3
am_cv_CXX_dependencies_compiler_type=gcc3
am_cv_ar_interface=ar
am_cv_lispdir='${datarootdir}/emacs/site-lisp'
am_cv_make_support_nested_variables=yes
am_cv_prog_cc_c_o=yes
ax_cv_check_cxxflags___pipe=yes
ax_cv_check_cxxflags___std_cpp20=yes
boost_cv_inc_path=yes
boost_cv_lib_graph=yes
boost_cv_lib_graph_LDPATH=
boost_cv_lib_graph_LIBS=-lboost_graph
boost_cv_lib_program_options=yes
boost_cv_lib_program_options_LDPATH=
boost_cv_lib_program_options_LIBS=-lboost_program_options
boost_cv_lib_system=yes
boost_cv_lib_system_LDPATH=
boost_cv_lib_system_LIBS=-lboost_system
boost_cv_lib_tag=
boost_cv_lib_version=1_79
boost_cv_rpath_link_ldflag=
lt_cv_ar_at_file=@
lt_cv_deplibs_check_method=pass_all
lt_cv_file_magic_cmd='$MAGIC_CMD'
lt_cv_file_magic_test_file=
lt_cv_ld_reload_flag=-r
lt_cv_nm_interface='BSD nm'
lt_cv_objdir=.libs
lt_cv_path_LD=/nix/store/9yxrwp848f7msm6m2442yfpji8m3206b-gcc-wrapper-11.3.0/bin/ld
lt_cv_path_LDCXX='/nix/store/9yxrwp848f7msm6m2442yfpji8m3206b-gcc-wrapper-11.3.0/bin/ld -m elf_x86_64'
lt_cv_path_NM='/run/current-system/sw/bin/nm -B'
lt_cv_path_mainfest_tool=no
lt_cv_prog_compiler_c_o=yes
lt_cv_prog_compiler_c_o_CXX=yes
lt_cv_prog_compiler_pic='-fPIC -DPIC'
lt_cv_prog_compiler_pic_CXX='-fPIC -DPIC'
lt_cv_prog_compiler_pic_works=yes
lt_cv_prog_compiler_pic_works_CXX=yes
lt_cv_prog_compiler_rtti_exceptions=no
lt_cv_prog_compiler_static_works=no
lt_cv_prog_compiler_static_works_CXX=no
lt_cv_prog_gnu_ld=yes
lt_cv_prog_gnu_ldcxx=yes
lt_cv_sharedlib_from_linklib_cmd='printf %s\n'
lt_cv_shlibpath_overrides_runpath=yes
lt_cv_sys_global_symbol_pipe='/run/current-system/sw/bin/sed -n -e '\''s/^.*[	 ]\([ABCDGIRSTW][ABCDGIRSTW]*\)[	 ][	 ]*\([_A-Za-z][_A-Za-z0-9]*\)$/\1 \2 \2/p'\'' | /run/current-system/sw/bin/sed '\''/ __gnu_lto/d'\'''
lt_cv_sys_global_symbol_to_c_name_address='/run/current-system/sw/bin/sed -n -e '\''s/^: \(.*\) .*$/  {"\1", (void *) 0},/p'\'' -e '\''s/^[ABCDGIRSTW][ABCDGIRSTW]* .* \(.*\)$/  {"\1", (void *) \&\1},/p'\'''
lt_cv_sys_global_symbol_to_c_name_address_lib_prefix='/run/current-system/sw/bin/sed -n -e '\''s/^: \(.*\) .*$/  {"\1", (void *) 0},/p'\'' -e '\''s/^[ABCDGIRSTW][ABCDGIRSTW]* .* \(lib.*\)$/  {"\1", (void *) \&\1},/p'\'' -e '\''s/^[ABCDGIRSTW][ABCDGIRSTW]* .* \(.*\)$/  {"lib\1", (void *) \&\1},/p'\'''
lt_cv_sys_global_symbol_to_cdecl='/run/current-system/sw/bin/sed -n -e '\''s/^T .* \(.*\)$/extern int \1();/p'\'' -e '\''s/^[ABCDGIRSTW][ABCDGIRSTW]* .* \(.*\)$/extern char \1;/p'\'''
lt_cv_sys_global_symbol_to_import=
lt_cv_sys_max_cmd_len=1572864
lt_cv_to_host_file_cmd=func_convert_file_noop
lt_cv_to_tool_file_cmd=func_convert_file_noop
lt_cv_truncate_bin='/run/current-system/sw/bin/dd bs=4096 count=1'

## ----------------- ##
## Output variables. ##
## ----------------- ##

ACLOCAL='${SHELL} '\''/home/souleymane.meite/afs/epita-ing-assistants-yaka-tiger-2025-paris-74/build-aux/missing'\'' aclocal-1.16'
AMDEPBACKSLASH='\'
AMDEP_FALSE='#'
AMDEP_TRUE=''
AMTAR='$${TAR-tar}'
AM_BACKSLASH='\'
AM_DEFAULT_V='$(AM_DEFAULT_VERBOSITY)'
AM_DEFAULT_VERBOSITY='0'
AM_V='$(V)'
AR='ar'
AUTOCONF='${SHELL} '\''/home/souleymane.meite/afs/epita-ing-assistants-yaka-tiger-2025-paris-74/build-aux/missing'\'' autoconf'
AUTOHEADER='${SHELL} '\''/home/souleymane.meite/afs/epita-ing-assistants-yaka-tiger-2025-paris-74/build-aux/missing'\'' autoheader'
AUTOMAKE='${SHELL} '\''/home/souleymane.meite/afs/epita-ing-assistants-yaka-tiger-2025-paris-74/build-aux/missing'\'' automake-1.16'
AWK='gawk'
BISON='bison'
BOOST_CPPFLAGS=''
BOOST_GRAPH_LDFLAGS=''
BOOST_GRAPH_LDPATH=''
BOOST_GRAPH_LIBS='-lboost_graph'
BOOST_LDPATH=''
BOOST_PROGRAM_OPTIONS_LDFLAGS=''
BOOST_PROGRAM_OPTIONS_LDPATH=''
BOOST_PROGRAM_OPTIONS_LIBS='-lboost_program_options'
BOOST_ROOT=''
BOOST_SYSTEM_LDFLAGS=''
BOOST_SYSTEM_LDPATH=''
BOOST_SYSTEM_LIBS='-lboost_system'
CC='gcc'
CCDEPMODE='depmode=gcc3'
CFLAGS='-g -O2'
CLANG_FORMAT='clang-format'
CPPFLAGS=''
CSCOPE='cscope'
CTAGS='ctags'
CXX='g++'
CXXCPP='g++ -E'
CXXDEPMODE='depmode=gcc3'
CXXFLAGS='-g -O2 -std=c++20 -pipe'
CYGPATH_W='echo'
DEFS='-DHAVE_CONFIG_H'
DEPDIR='.deps'
DISTCHECK_CONFIGURE_FLAGS=' '\''--with-boost='\'''
DLLTOOL='false'
DSYMUTIL=''
DUMPBIN=''
ECHO_C=''
ECHO_N='-n'
ECHO_T=''
EGREP='/run/current-system/sw/bin/grep -E'
EMACS='emacs'
EMACSLOADPATH=''
ETAGS='etags'
EXEEXT=''
FGREP='/run/current-system/sw/bin/grep -F'
FILECMD='file'
GREP='/run/current-system/sw/bin/grep'
IA32_FREEBSD_FALSE=''
IA32_FREEBSD_TRUE='#'
IA32_GNU_LINUX_FALSE='#'
IA32_GNU_LINUX_TRUE=''
INSTALL_DATA='${INSTALL} -m 644'
INSTALL_PROGRAM='${INSTALL}'
INSTALL_SCRIPT='${INSTALL}'
INSTALL_STRIP_PROGRAM='$(install_sh) -c -s'
LD='/nix/store/9yxrwp848f7msm6m2442yfpji8m3206b-gcc-wrapper-11.3.0/bin/ld -m elf_x86_64'
LDFLAGS=''
LIBOBJS=''
LIBS=''
LIBTOOL='$(SHELL) $(top_builddir)/libtool'
LIPO=''
LN_S='ln -s'
LTLIBOBJS=''
LT_SYS_LIBRARY_PATH=''
MAKEINFO='${SHELL} '\''/home/souleymane.meite/afs/epita-ing-assistants-yaka-tiger-2025-paris-74/build-aux/missing'\'' makeinfo'
MANIFEST_TOOL=':'
MKDIR_P='/run/current-system/sw/bin/mkdir -p'
NM='/run/current-system/sw/bin/nm -B'
NMEDIT=''
NO_STRICT_ALIASING_CXXFLAGS=' -Wno-strict-aliasing'
OBJDUMP='objdump'
OBJEXT='o'
OTOOL64=''
OTOOL=''
PACKAGE='tc'
PACKAGE_BUGREPORT='tiger@lrde.epita.fr'
PACKAGE_NAME='LRDE Tiger Compiler'
PACKAGE_STRING='LRDE Tiger Compiler 1.92.a'
PACKAGE_TARNAME='tc'
PACKAGE_URL='http://tiger.lrde.epita.fr'
PACKAGE_VERSION='1.92.a'
PATH_SEPARATOR=':'
RANLIB='ranlib'
REFLEX='reflex'
SED='/run/current-system/sw/bin/sed'
SET_MAKE=''
SHELL='/bin/sh'
STRIP='strip'
SUPPORTED_IA32_FALSE='#'
SUPPORTED_IA32_TRUE=''
VERSION='1.92.a'
WARNING_CXXFLAGS=' -Wall -W -Wcast-align -Wcast-qual -Wformat -Wwrite-strings -Wmissing-declarations -Wunused-parameter -Wunused-function -Woverloaded-virtual  -Wno-shadow -Wno-subobject-linkage'
ac_ct_AR='ar'
ac_ct_CC='gcc'
ac_ct_CXX='g++'
ac_ct_DUMPBIN=''
am__EXEEXT_FALSE=''
am__EXEEXT_TRUE='#'
am__fastdepCC_FALSE='#'
am__fastdepCC_TRUE=''
am__fastdepCXX_FALSE='#'
am__fastdepCXX_TRUE=''
am__include='-include'
am__isrc=''
am__leading_dot='.'
am__nodep='_no'
am__quote=''
am__tar='$${TAR-tar} chof - "$$tardir"'
am__untar='$${TAR-tar} xf -'
bindir='${exec_prefix}/bin'
build='x86_64-pc-linux-gnu'
build_alias=''
build_cpu='x86_64'
build_os='linux-gnu'
build_vendor='pc'
datadir='${datarootdir}'
datarootdir='${prefix}/share'
docdir='${datarootdir}/doc/${PACKAGE_TARNAME}'
dvidir='${docdir}'
exec_prefix='${prefix}'
host='x86_64-pc-linux-gnu'
host_alias=''
host_cpu='x86_64'
host_os='linux-gnu'
host_vendor='pc'
htmldir='${docdir}'
includedir='${prefix}/include'
infodir='${datarootdir}/info'
install_sh='${SHELL} /home/souleymane.meite/afs/epita-ing-assistants-yaka-tiger-2025-paris-74/build-aux/install-sh'
libdir='${exec_prefix}/lib'
libexecdir='${exec_prefix}/libexec'
lispdir='${datarootdir}/emacs/site-lisp'
localedir='${datarootdir}/locale'
localstatedir='${prefix}/var'
mandir='${datarootdir}/man'
mkdir_p='$(MKDIR_P)'
oldincludedir='/usr/include'
pdfdir='${docdir}'
prefix='/usr/local'
program_transform_name='s,x,x,'
psdir='${docdir}'
runstatedir='${localstatedir}/run'
sbindir='${exec_prefix}/sbin'
sharedstatedir='${prefix}/com'
sysconfdir='${prefix}/etc'
target_alias=''

## ----------- ##
## confdefs.h. ##
## ----------- ##

/* confdefs.h */
#define PACKAGE_NAME "LRDE Tiger Compiler"
#define PACKAGE_TARNAME "tc"
#define PACKAGE_VERSION "1.92.a"
#define PACKAGE_STRING "LRDE Tiger Compiler 1.92.a"
#define PACKAGE_BUGREPORT "tiger@lrde.epita.fr"
#define PACKAGE_URL "http://tiger.lrde.epita.fr"
#define PACKAGE "tc"
#define VERSION "1.92.a"
#define HAVE_STDIO_H 1
#define HAVE_STDLIB_H 1
#define HAVE_STRING_H 1
#define HAVE_INTTYPES_H 1
#define HAVE_STDINT_H 1
#define HAVE_STRINGS_H 1
#define HAVE_SYS_STAT_H 1
#define HAVE_SYS_TYPES_H 1
#define HAVE_UNISTD_H 1
#define STDC_HEADERS 1
#define HAVE_DLFCN_H 1
#define LT_OBJDIR ".libs/"
#define HAVE_BOOST 1
#define HAVE_BOOST_CAST_HPP 1
#define HAVE_BOOST_LEXICAL_CAST_HPP 1
#define HAVE_BOOST_GRAPH_ADJACENCY_LIST_HPP 1
#define HAVE_BOOST_PROGRAM_OPTIONS_HPP 1
#define HAVE_BOOST_ALGORITHM_STRING_HPP 1
#define HAVE_BOOST_SYSTEM_ERROR_CODE_HPP 1

configure: exit 0
